Using pre-set license
Built from '2020.3/staging' branch; Version is '2020.3.19f1 (68f137dc9bbe) revision 6877495'; Using compiler version '192528614'; Build Type 'Release'
OS: 'Windows 10 Home; OS build 19043.1348; Version 2009; 64bit' Language: 'ru' Physical Memory: 16251 MB
BatchMode: 1, IsHumanControllingUs: 0, StartBugReporterOnCrash: 0, Is64bit: 1, IsPro: 0

COMMAND LINE ARGUMENTS:
C:\Unity\2020.3.19f1\Editor\Unity.exe
-adb2
-batchMode
-noUpm
-name
AssetImportWorker1
-projectPath
C:/Users/vidni/ball attack
-logFile
Logs/AssetImportWorker1.log
-srvPort
60794
Successfully changed project path to: C:/Users/vidni/ball attack
C:/Users/vidni/ball attack
Using Asset Import Pipeline V2.
Refreshing native plugins compatible for Editor in 79.18 ms, found 2 plugins.
Preloading 0 native plugins for Editor in 0.00 ms.
Initialize engine version: 2020.3.19f1 (68f137dc9bbe)
[Subsystems] Discovering subsystems at path C:/Unity/2020.3.19f1/Editor/Data/Resources/UnitySubsystems
[Subsystems] Discovering subsystems at path C:/Users/vidni/ball attack/Assets
GfxDevice: creating device client; threaded=0
Direct3D:
    Version:  Direct3D 11.0 [level 11.1]
    Renderer: NVIDIA GeForce GTX 1650 Ti (ID=0x1f95)
    Vendor:   
    VRAM:     3962 MB
    Driver:   30.0.14.7141
Initialize mono
Mono path[0] = 'C:/Unity/2020.3.19f1/Editor/Data/Managed'
Mono path[1] = 'C:/Unity/2020.3.19f1/Editor/Data/MonoBleedingEdge/lib/mono/unityjit'
Mono config path = 'C:/Unity/2020.3.19f1/Editor/Data/MonoBleedingEdge/etc'
Using monoOptions --debugger-agent=transport=dt_socket,embedding=1,server=y,suspend=n,address=127.0.0.1:56532
Begin MonoManager ReloadAssembly
Registering precompiled unity dll's ...
Register platform support module: C:/Unity/2020.3.19f1/Editor/Data/PlaybackEngines/WindowsStandaloneSupport/UnityEditor.WindowsStandalone.Extensions.dll
Registered in 0.005732 seconds.
Native extension for WindowsStandalone target not found
Refreshing native plugins compatible for Editor in 97.50 ms, found 2 plugins.
Preloading 0 native plugins for Editor in 0.00 ms.
Mono: successfully reloaded assembly
- Completed reload, in  8.942 seconds
Domain Reload Profiling:
	ReloadAssembly (8943ms)
		BeginReloadAssembly (144ms)
			ExecutionOrderSort (0ms)
			DisableScriptedObjects (0ms)
			BackupInstance (0ms)
			ReleaseScriptingObjects (0ms)
			CreateAndSetChildDomain (2ms)
		EndReloadAssembly (1404ms)
			LoadAssemblies (140ms)
			RebuildTransferFunctionScriptingTraits (0ms)
			SetupTypeCache (516ms)
			ReleaseScriptCaches (0ms)
			RebuildScriptCaches (107ms)
			SetupLoadedEditorAssemblies (544ms)
				LogAssemblyErrors (0ms)
				InitializePlatformSupportModulesInManaged (14ms)
				SetLoadedEditorAssemblies (1ms)
				RefreshPlugins (98ms)
				BeforeProcessingInitializeOnLoad (52ms)
				ProcessInitializeOnLoadAttributes (273ms)
				ProcessInitializeOnLoadMethodAttributes (106ms)
				AfterProcessingInitializeOnLoad (0ms)
				EditorAssembliesLoaded (1ms)
			ExecutionOrderSort2 (0ms)
			AwakeInstancesAfterBackupRestoration (0ms)
Platform modules already initialized, skipping
Registering precompiled user dll's ...
Registered in 0.008844 seconds.
Begin MonoManager ReloadAssembly
Native extension for WindowsStandalone target not found
Refreshing native plugins compatible for Editor in 0.60 ms, found 2 plugins.
Preloading 0 native plugins for Editor in 0.00 ms.
Mono: successfully reloaded assembly
- Completed reload, in  3.282 seconds
Domain Reload Profiling:
	ReloadAssembly (3284ms)
		BeginReloadAssembly (498ms)
			ExecutionOrderSort (0ms)
			DisableScriptedObjects (15ms)
			BackupInstance (0ms)
			ReleaseScriptingObjects (0ms)
			CreateAndSetChildDomain (54ms)
		EndReloadAssembly (2563ms)
			LoadAssemblies (277ms)
			RebuildTransferFunctionScriptingTraits (0ms)
			SetupTypeCache (864ms)
			ReleaseScriptCaches (1ms)
			RebuildScriptCaches (130ms)
			SetupLoadedEditorAssemblies (984ms)
				LogAssemblyErrors (0ms)
				InitializePlatformSupportModulesInManaged (18ms)
				SetLoadedEditorAssemblies (1ms)
				RefreshPlugins (1ms)
				BeforeProcessingInitializeOnLoad (248ms)
				ProcessInitializeOnLoadAttributes (682ms)
				ProcessInitializeOnLoadMethodAttributes (14ms)
				AfterProcessingInitializeOnLoad (19ms)
				EditorAssembliesLoaded (1ms)
			ExecutionOrderSort2 (0ms)
			AwakeInstancesAfterBackupRestoration (27ms)
Platform modules already initialized, skipping
========================================================================
Worker process is ready to serve import requests
Launched and connected shader compiler UnityShaderCompiler.exe after 0.19 seconds
Refreshing native plugins compatible for Editor in 0.93 ms, found 2 plugins.
Preloading 0 native plugins for Editor in 0.00 ms.
Unloading 1413 Unused Serialized files (Serialized files now loaded: 0)
System memory in use before: 65.8 MB.
System memory in use after: 65.8 MB.

Unloading 16 unused Assets to reduce memory usage. Loaded Objects now: 1850.
Total: 8.552600 ms (FindLiveObjects: 0.430500 ms CreateObjectMapping: 0.203700 ms MarkObjects: 7.736600 ms  DeleteObjects: 0.178800 ms)

AssetImportParameters requested are different than current active one (requested -> active):
  custom:framework-win-MediaFoundation: 216162199b28c13a410421893ffa2e32 -> 
  custom:video-decoder-ogg-theora: a1e56fd34408186e4bbccfd4996cb3dc -> 
  custom:container-muxer-webm: aa71ff27fc2769a1b78a27578f13a17b -> 
  custom:container-demuxer-webm: 4f35f7cbe854078d1ac9338744f61a02 -> 
  custom:container-demuxer-ogg: 62fdf1f143b41e24485cea50d1cbac27 -> 
  custom:video-encoder-webm-vp8: eb34c28f22e8b96e1ab97ce403110664 -> 
  custom:video-decoder-webm-vp8: 9c59270c3fd7afecdb556c50c9e8de78 -> 
  custom:audio-decoder-ogg-vorbis: bf7c407c2cedff20999df2af8eb42d56 -> 
  custom:audio-encoder-webm-vorbis: bf7c407c2cedff20999df2af8eb42d56 -> 
========================================================================
Received Import Request.
  path: Assets/prefabs/NFO.prefab
  artifactKey: Guid(3ebe6270a0791ff4d96ffb246b8ceaa4) Importer(815301076,1909f56bfc062723c751e8b465ee728b)
Start importing Assets/prefabs/NFO.prefab using Guid(3ebe6270a0791ff4d96ffb246b8ceaa4) Importer(815301076,1909f56bfc062723c751e8b465ee728b)  -> (artifact id: '5e4bfc59ec9652ba3a0684b18e02a29d') in 0.386149 seconds 
  Import took 0.393926 seconds .

========================================================================
Received Import Request.
  Time since last request: 3.309702 seconds.
  path: Assets/prefabs/NFO.prefab
  artifactKey: Guid(3ebe6270a0791ff4d96ffb246b8ceaa4) Importer(815301076,1909f56bfc062723c751e8b465ee728b)
Start importing Assets/prefabs/NFO.prefab using Guid(3ebe6270a0791ff4d96ffb246b8ceaa4) Importer(815301076,1909f56bfc062723c751e8b465ee728b)  -> (artifact id: 'e56af4a103242f0c2aa2f9b7922cb206') in 0.038865 seconds 
  Import took 0.047139 seconds .

========================================================================
Received Import Request.
  Time since last request: 9.991254 seconds.
  path: Assets/prefabs/NFO.prefab
  artifactKey: Guid(3ebe6270a0791ff4d96ffb246b8ceaa4) Importer(815301076,1909f56bfc062723c751e8b465ee728b)
Start importing Assets/prefabs/NFO.prefab using Guid(3ebe6270a0791ff4d96ffb246b8ceaa4) Importer(815301076,1909f56bfc062723c751e8b465ee728b)  -> (artifact id: 'fb0c515835ff6bcecc1c420360d03b68') in 0.037038 seconds 
  Import took 0.048042 seconds .

========================================================================
Received Import Request.
  Time since last request: 14.758346 seconds.
  path: Assets/prefabs/NFO.prefab
  artifactKey: Guid(3ebe6270a0791ff4d96ffb246b8ceaa4) Importer(815301076,1909f56bfc062723c751e8b465ee728b)
Start importing Assets/prefabs/NFO.prefab using Guid(3ebe6270a0791ff4d96ffb246b8ceaa4) Importer(815301076,1909f56bfc062723c751e8b465ee728b)  -> (artifact id: '1dbc746099010ddaffeccafefc0dcac7') in 0.034827 seconds 
  Import took 0.042739 seconds .

========================================================================
Received Prepare
Registering precompiled user dll's ...
Registered in 0.008108 seconds.
Begin MonoManager ReloadAssembly
Native extension for WindowsStandalone target not found
Refreshing native plugins compatible for Editor in 0.61 ms, found 2 plugins.
Preloading 0 native plugins for Editor in 0.00 ms.
Mono: successfully reloaded assembly
- Completed reload, in  3.190 seconds
Domain Reload Profiling:
	ReloadAssembly (3191ms)
		BeginReloadAssembly (365ms)
			ExecutionOrderSort (0ms)
			DisableScriptedObjects (19ms)
			BackupInstance (0ms)
			ReleaseScriptingObjects (1ms)
			CreateAndSetChildDomain (127ms)
		EndReloadAssembly (2605ms)
			LoadAssemblies (288ms)
			RebuildTransferFunctionScriptingTraits (0ms)
			SetupTypeCache (944ms)
			ReleaseScriptCaches (2ms)
			RebuildScriptCaches (112ms)
			SetupLoadedEditorAssemblies (939ms)
				LogAssemblyErrors (0ms)
				InitializePlatformSupportModulesInManaged (12ms)
				SetLoadedEditorAssemblies (1ms)
				RefreshPlugins (1ms)
				BeforeProcessingInitializeOnLoad (290ms)
				ProcessInitializeOnLoadAttributes (606ms)
				ProcessInitializeOnLoadMethodAttributes (14ms)
				AfterProcessingInitializeOnLoad (15ms)
				EditorAssembliesLoaded (1ms)
			ExecutionOrderSort2 (0ms)
			AwakeInstancesAfterBackupRestoration (24ms)
Platform modules already initialized, skipping
Refreshing native plugins compatible for Editor in 1.01 ms, found 2 plugins.
Preloading 0 native plugins for Editor in 0.00 ms.
Unloading 1407 Unused Serialized files (Serialized files now loaded: 0)
System memory in use before: 68.7 MB.
System memory in use after: 68.8 MB.

Unloading 11 unused Assets to reduce memory usage. Loaded Objects now: 1862.
Total: 6.839700 ms (FindLiveObjects: 0.456400 ms CreateObjectMapping: 0.205700 ms MarkObjects: 6.128100 ms  DeleteObjects: 0.045500 ms)

AssetImportParameters requested are different than current active one (requested -> active):
  custom:framework-win-MediaFoundation: 216162199b28c13a410421893ffa2e32 -> 
  custom:video-decoder-ogg-theora: a1e56fd34408186e4bbccfd4996cb3dc -> 
  custom:container-muxer-webm: aa71ff27fc2769a1b78a27578f13a17b -> 
  custom:container-demuxer-webm: 4f35f7cbe854078d1ac9338744f61a02 -> 
  custom:container-demuxer-ogg: 62fdf1f143b41e24485cea50d1cbac27 -> 
  custom:video-encoder-webm-vp8: eb34c28f22e8b96e1ab97ce403110664 -> 
  custom:video-decoder-webm-vp8: 9c59270c3fd7afecdb556c50c9e8de78 -> 
  custom:audio-decoder-ogg-vorbis: bf7c407c2cedff20999df2af8eb42d56 -> 
  custom:audio-encoder-webm-vorbis: bf7c407c2cedff20999df2af8eb42d56 -> 
========================================================================
Received Prepare
Registering precompiled user dll's ...
Registered in 0.005873 seconds.
Begin MonoManager ReloadAssembly
Native extension for WindowsStandalone target not found
Refreshing native plugins compatible for Editor in 1.06 ms, found 2 plugins.
Preloading 0 native plugins for Editor in 0.00 ms.
Mono: successfully reloaded assembly
- Completed reload, in  2.913 seconds
Domain Reload Profiling:
	ReloadAssembly (2913ms)
		BeginReloadAssembly (276ms)
			ExecutionOrderSort (0ms)
			DisableScriptedObjects (13ms)
			BackupInstance (0ms)
			ReleaseScriptingObjects (0ms)
			CreateAndSetChildDomain (79ms)
		EndReloadAssembly (2443ms)
			LoadAssemblies (286ms)
			RebuildTransferFunctionScriptingTraits (0ms)
			SetupTypeCache (916ms)
			ReleaseScriptCaches (2ms)
			RebuildScriptCaches (121ms)
			SetupLoadedEditorAssemblies (807ms)
				LogAssemblyErrors (0ms)
				InitializePlatformSupportModulesInManaged (14ms)
				SetLoadedEditorAssemblies (2ms)
				RefreshPlugins (1ms)
				BeforeProcessingInitializeOnLoad (207ms)
				ProcessInitializeOnLoadAttributes (553ms)
				ProcessInitializeOnLoadMethodAttributes (11ms)
				AfterProcessingInitializeOnLoad (19ms)
				EditorAssembliesLoaded (1ms)
			ExecutionOrderSort2 (0ms)
			AwakeInstancesAfterBackupRestoration (20ms)
Platform modules already initialized, skipping
Refreshing native plugins compatible for Editor in 1.02 ms, found 2 plugins.
Preloading 0 native plugins for Editor in 0.00 ms.
Unloading 1407 Unused Serialized files (Serialized files now loaded: 0)
System memory in use before: 68.8 MB.
System memory in use after: 68.9 MB.

Unloading 11 unused Assets to reduce memory usage. Loaded Objects now: 1864.
Total: 8.554100 ms (FindLiveObjects: 0.476800 ms CreateObjectMapping: 0.218800 ms MarkObjects: 7.821200 ms  DeleteObjects: 0.034000 ms)

AssetImportParameters requested are different than current active one (requested -> active):
  custom:framework-win-MediaFoundation: 216162199b28c13a410421893ffa2e32 -> 
  custom:video-decoder-ogg-theora: a1e56fd34408186e4bbccfd4996cb3dc -> 
  custom:container-muxer-webm: aa71ff27fc2769a1b78a27578f13a17b -> 
  custom:container-demuxer-webm: 4f35f7cbe854078d1ac9338744f61a02 -> 
  custom:container-demuxer-ogg: 62fdf1f143b41e24485cea50d1cbac27 -> 
  custom:video-encoder-webm-vp8: eb34c28f22e8b96e1ab97ce403110664 -> 
  custom:video-decoder-webm-vp8: 9c59270c3fd7afecdb556c50c9e8de78 -> 
  custom:audio-decoder-ogg-vorbis: bf7c407c2cedff20999df2af8eb42d56 -> 
  custom:audio-encoder-webm-vorbis: bf7c407c2cedff20999df2af8eb42d56 -> 
========================================================================
Received Prepare
Registering precompiled user dll's ...
Registered in 0.007087 seconds.
Begin MonoManager ReloadAssembly
Native extension for WindowsStandalone target not found
Refreshing native plugins compatible for Editor in 0.62 ms, found 2 plugins.
Preloading 0 native plugins for Editor in 0.00 ms.
Mono: successfully reloaded assembly
- Completed reload, in  2.860 seconds
Domain Reload Profiling:
	ReloadAssembly (2861ms)
		BeginReloadAssembly (281ms)
			ExecutionOrderSort (0ms)
			DisableScriptedObjects (11ms)
			BackupInstance (0ms)
			ReleaseScriptingObjects (0ms)
			CreateAndSetChildDomain (83ms)
		EndReloadAssembly (2391ms)
			LoadAssemblies (248ms)
			RebuildTransferFunctionScriptingTraits (0ms)
			SetupTypeCache (867ms)
			ReleaseScriptCaches (1ms)
			RebuildScriptCaches (106ms)
			SetupLoadedEditorAssemblies (858ms)
				LogAssemblyErrors (0ms)
				InitializePlatformSupportModulesInManaged (13ms)
				SetLoadedEditorAssemblies (1ms)
				RefreshPlugins (1ms)
				BeforeProcessingInitializeOnLoad (202ms)
				ProcessInitializeOnLoadAttributes (609ms)
				ProcessInitializeOnLoadMethodAttributes (14ms)
				AfterProcessingInitializeOnLoad (18ms)
				EditorAssembliesLoaded (1ms)
			ExecutionOrderSort2 (0ms)
			AwakeInstancesAfterBackupRestoration (20ms)
Platform modules already initialized, skipping
Refreshing native plugins compatible for Editor in 0.96 ms, found 2 plugins.
Preloading 0 native plugins for Editor in 0.00 ms.
Unloading 1407 Unused Serialized files (Serialized files now loaded: 0)
System memory in use before: 68.8 MB.
System memory in use after: 68.9 MB.

Unloading 11 unused Assets to reduce memory usage. Loaded Objects now: 1866.
Total: 5.989700 ms (FindLiveObjects: 0.285100 ms CreateObjectMapping: 0.118000 ms MarkObjects: 5.540000 ms  DeleteObjects: 0.043900 ms)

AssetImportParameters requested are different than current active one (requested -> active):
  custom:framework-win-MediaFoundation: 216162199b28c13a410421893ffa2e32 -> 
  custom:video-decoder-ogg-theora: a1e56fd34408186e4bbccfd4996cb3dc -> 
  custom:container-muxer-webm: aa71ff27fc2769a1b78a27578f13a17b -> 
  custom:container-demuxer-webm: 4f35f7cbe854078d1ac9338744f61a02 -> 
  custom:container-demuxer-ogg: 62fdf1f143b41e24485cea50d1cbac27 -> 
  custom:video-encoder-webm-vp8: eb34c28f22e8b96e1ab97ce403110664 -> 
  custom:video-decoder-webm-vp8: 9c59270c3fd7afecdb556c50c9e8de78 -> 
  custom:audio-decoder-ogg-vorbis: bf7c407c2cedff20999df2af8eb42d56 -> 
  custom:audio-encoder-webm-vorbis: bf7c407c2cedff20999df2af8eb42d56 -> 
========================================================================
Received Prepare
Registering precompiled user dll's ...
Registered in 0.005468 seconds.
Begin MonoManager ReloadAssembly
Native extension for WindowsStandalone target not found
Refreshing native plugins compatible for Editor in 0.97 ms, found 2 plugins.
Preloading 0 native plugins for Editor in 0.00 ms.
Mono: successfully reloaded assembly
- Completed reload, in  3.038 seconds
Domain Reload Profiling:
	ReloadAssembly (3039ms)
		BeginReloadAssembly (301ms)
			ExecutionOrderSort (0ms)
			DisableScriptedObjects (15ms)
			BackupInstance (0ms)
			ReleaseScriptingObjects (0ms)
			CreateAndSetChildDomain (101ms)
		EndReloadAssembly (2523ms)
			LoadAssemblies (242ms)
			RebuildTransferFunctionScriptingTraits (0ms)
			SetupTypeCache (964ms)
			ReleaseScriptCaches (2ms)
			RebuildScriptCaches (131ms)
			SetupLoadedEditorAssemblies (841ms)
				LogAssemblyErrors (0ms)
				InitializePlatformSupportModulesInManaged (17ms)
				SetLoadedEditorAssemblies (2ms)
				RefreshPlugins (1ms)
				BeforeProcessingInitializeOnLoad (204ms)
				ProcessInitializeOnLoadAttributes (593ms)
				ProcessInitializeOnLoadMethodAttributes (11ms)
				AfterProcessingInitializeOnLoad (13ms)
				EditorAssembliesLoaded (1ms)
			ExecutionOrderSort2 (0ms)
			AwakeInstancesAfterBackupRestoration (20ms)
Platform modules already initialized, skipping
Refreshing native plugins compatible for Editor in 0.99 ms, found 2 plugins.
Preloading 0 native plugins for Editor in 0.00 ms.
Unloading 1407 Unused Serialized files (Serialized files now loaded: 0)
System memory in use before: 68.8 MB.
System memory in use after: 68.9 MB.

Unloading 11 unused Assets to reduce memory usage. Loaded Objects now: 1868.
Total: 8.624400 ms (FindLiveObjects: 0.469500 ms CreateObjectMapping: 0.216600 ms MarkObjects: 7.892400 ms  DeleteObjects: 0.041500 ms)

AssetImportParameters requested are different than current active one (requested -> active):
  custom:framework-win-MediaFoundation: 216162199b28c13a410421893ffa2e32 -> 
  custom:video-decoder-ogg-theora: a1e56fd34408186e4bbccfd4996cb3dc -> 
  custom:container-muxer-webm: aa71ff27fc2769a1b78a27578f13a17b -> 
  custom:container-demuxer-webm: 4f35f7cbe854078d1ac9338744f61a02 -> 
  custom:container-demuxer-ogg: 62fdf1f143b41e24485cea50d1cbac27 -> 
  custom:video-encoder-webm-vp8: eb34c28f22e8b96e1ab97ce403110664 -> 
  custom:video-decoder-webm-vp8: 9c59270c3fd7afecdb556c50c9e8de78 -> 
  custom:audio-decoder-ogg-vorbis: bf7c407c2cedff20999df2af8eb42d56 -> 
  custom:audio-encoder-webm-vorbis: bf7c407c2cedff20999df2af8eb42d56 -> 
========================================================================
Received Prepare
Registering precompiled user dll's ...
Registered in 0.006215 seconds.
Begin MonoManager ReloadAssembly
Native extension for WindowsStandalone target not found
Refreshing native plugins compatible for Editor in 1.01 ms, found 2 plugins.
Preloading 0 native plugins for Editor in 0.00 ms.
Mono: successfully reloaded assembly
- Completed reload, in  3.004 seconds
Domain Reload Profiling:
	ReloadAssembly (3006ms)
		BeginReloadAssembly (329ms)
			ExecutionOrderSort (0ms)
			DisableScriptedObjects (12ms)
			BackupInstance (0ms)
			ReleaseScriptingObjects (0ms)
			CreateAndSetChildDomain (87ms)
		EndReloadAssembly (2468ms)
			LoadAssemblies (289ms)
			RebuildTransferFunctionScriptingTraits (0ms)
			SetupTypeCache (856ms)
			ReleaseScriptCaches (2ms)
			RebuildScriptCaches (133ms)
			SetupLoadedEditorAssemblies (889ms)
				LogAssemblyErrors (0ms)
				InitializePlatformSupportModulesInManaged (17ms)
				SetLoadedEditorAssemblies (2ms)
				RefreshPlugins (1ms)
				BeforeProcessingInitializeOnLoad (215ms)
				ProcessInitializeOnLoadAttributes (621ms)
				ProcessInitializeOnLoadMethodAttributes (12ms)
				AfterProcessingInitializeOnLoad (20ms)
				EditorAssembliesLoaded (1ms)
			ExecutionOrderSort2 (0ms)
			AwakeInstancesAfterBackupRestoration (24ms)
Platform modules already initialized, skipping
Refreshing native plugins compatible for Editor in 0.98 ms, found 2 plugins.
Preloading 0 native plugins for Editor in 0.00 ms.
Unloading 1407 Unused Serialized files (Serialized files now loaded: 0)
System memory in use before: 68.8 MB.
System memory in use after: 68.9 MB.

Unloading 11 unused Assets to reduce memory usage. Loaded Objects now: 1870.
Total: 5.875400 ms (FindLiveObjects: 0.290200 ms CreateObjectMapping: 0.108000 ms MarkObjects: 5.438000 ms  DeleteObjects: 0.037000 ms)

AssetImportParameters requested are different than current active one (requested -> active):
  custom:framework-win-MediaFoundation: 216162199b28c13a410421893ffa2e32 -> 
  custom:video-decoder-ogg-theora: a1e56fd34408186e4bbccfd4996cb3dc -> 
  custom:container-muxer-webm: aa71ff27fc2769a1b78a27578f13a17b -> 
  custom:container-demuxer-webm: 4f35f7cbe854078d1ac9338744f61a02 -> 
  custom:container-demuxer-ogg: 62fdf1f143b41e24485cea50d1cbac27 -> 
  custom:video-encoder-webm-vp8: eb34c28f22e8b96e1ab97ce403110664 -> 
  custom:video-decoder-webm-vp8: 9c59270c3fd7afecdb556c50c9e8de78 -> 
  custom:audio-decoder-ogg-vorbis: bf7c407c2cedff20999df2af8eb42d56 -> 
  custom:audio-encoder-webm-vorbis: bf7c407c2cedff20999df2af8eb42d56 -> 
========================================================================
Received Prepare
Registering precompiled user dll's ...
Registered in 0.007752 seconds.
Begin MonoManager ReloadAssembly
Native extension for WindowsStandalone target not found
Refreshing native plugins compatible for Editor in 0.99 ms, found 2 plugins.
Preloading 0 native plugins for Editor in 0.00 ms.
Mono: successfully reloaded assembly
- Completed reload, in  3.301 seconds
Domain Reload Profiling:
	ReloadAssembly (3302ms)
		BeginReloadAssembly (325ms)
			ExecutionOrderSort (0ms)
			DisableScriptedObjects (17ms)
			BackupInstance (0ms)
			ReleaseScriptingObjects (0ms)
			CreateAndSetChildDomain (98ms)
		EndReloadAssembly (2744ms)
			LoadAssemblies (279ms)
			RebuildTransferFunctionScriptingTraits (0ms)
			SetupTypeCache (1039ms)
			ReleaseScriptCaches (1ms)
			RebuildScriptCaches (103ms)
			SetupLoadedEditorAssemblies (892ms)
				LogAssemblyErrors (0ms)
				InitializePlatformSupportModulesInManaged (18ms)
				SetLoadedEditorAssemblies (2ms)
				RefreshPlugins (1ms)
				BeforeProcessingInitializeOnLoad (222ms)
				ProcessInitializeOnLoadAttributes (617ms)
				ProcessInitializeOnLoadMethodAttributes (11ms)
				AfterProcessingInitializeOnLoad (19ms)
				EditorAssembliesLoaded (1ms)
			ExecutionOrderSort2 (0ms)
			AwakeInstancesAfterBackupRestoration (30ms)
Platform modules already initialized, skipping
Refreshing native plugins compatible for Editor in 0.75 ms, found 2 plugins.
Preloading 0 native plugins for Editor in 0.00 ms.
Unloading 1375 Unused Serialized files (Serialized files now loaded: 0)
System memory in use before: 68.1 MB.
System memory in use after: 68.2 MB.

Unloading 11 unused Assets to reduce memory usage. Loaded Objects now: 1872.
Total: 6.423300 ms (FindLiveObjects: 0.294000 ms CreateObjectMapping: 0.112000 ms MarkObjects: 5.973300 ms  DeleteObjects: 0.040900 ms)

AssetImportParameters requested are different than current active one (requested -> active):
  custom:framework-win-MediaFoundation: 216162199b28c13a410421893ffa2e32 -> 
  custom:video-decoder-ogg-theora: a1e56fd34408186e4bbccfd4996cb3dc -> 
  custom:container-muxer-webm: aa71ff27fc2769a1b78a27578f13a17b -> 
  custom:container-demuxer-webm: 4f35f7cbe854078d1ac9338744f61a02 -> 
  custom:container-demuxer-ogg: 62fdf1f143b41e24485cea50d1cbac27 -> 
  custom:video-encoder-webm-vp8: eb34c28f22e8b96e1ab97ce403110664 -> 
  custom:video-decoder-webm-vp8: 9c59270c3fd7afecdb556c50c9e8de78 -> 
  custom:audio-decoder-ogg-vorbis: bf7c407c2cedff20999df2af8eb42d56 -> 
  custom:audio-encoder-webm-vorbis: bf7c407c2cedff20999df2af8eb42d56 -> 
========================================================================
Received Import Request.
  Time since last request: 1123.257046 seconds.
  path: Assets/Desert_Village_LowPoly_HDRP/Materials
  artifactKey: Guid(fd61daf68255ce543ae586c86b44e6dc) Importer(815301076,1909f56bfc062723c751e8b465ee728b)
Start importing Assets/Desert_Village_LowPoly_HDRP/Materials using Guid(fd61daf68255ce543ae586c86b44e6dc) Importer(815301076,1909f56bfc062723c751e8b465ee728b)  -> (artifact id: '25a412cf4727103deefdd7a767f53cc0') in 0.020117 seconds 
  Import took 0.026862 seconds .

========================================================================
Received Import Request.
  Time since last request: 0.102182 seconds.
  path: Assets/Desert_Village_LowPoly_HDRP/Materials/M_Bucket_Water.mat
  artifactKey: Guid(5b3d9723ae2af264a916601f766a3af6) Importer(815301076,1909f56bfc062723c751e8b465ee728b)
Start importing Assets/Desert_Village_LowPoly_HDRP/Materials/M_Bucket_Water.mat using Guid(5b3d9723ae2af264a916601f766a3af6) Importer(815301076,1909f56bfc062723c751e8b465ee728b)  -> (artifact id: 'e0f32f713a201ee317ae5784e54d234c') in 0.248145 seconds 
  Import took 0.255286 seconds .

========================================================================
Received Import Request.
  Time since last request: 0.000483 seconds.
  path: Assets/Desert_Village_LowPoly_HDRP/Materials/M_Palm_Wood.mat
  artifactKey: Guid(eb49341bc73e73744a69d5618d5935bd) Importer(815301076,1909f56bfc062723c751e8b465ee728b)
Start importing Assets/Desert_Village_LowPoly_HDRP/Materials/M_Palm_Wood.mat using Guid(eb49341bc73e73744a69d5618d5935bd) Importer(815301076,1909f56bfc062723c751e8b465ee728b)  -> (artifact id: '2e0796dc69058e58534c7ac456443ae0') in 0.031365 seconds 
  Import took 0.037515 seconds .

========================================================================
Received Import Request.
  Time since last request: 0.000407 seconds.
  path: Assets/Desert_Village_LowPoly_HDRP/Materials/M_Towel_Blue.mat
  artifactKey: Guid(f65781644af15764899ef5ac34d023ac) Importer(815301076,1909f56bfc062723c751e8b465ee728b)
Start importing Assets/Desert_Village_LowPoly_HDRP/Materials/M_Towel_Blue.mat using Guid(f65781644af15764899ef5ac34d023ac) Importer(815301076,1909f56bfc062723c751e8b465ee728b)  -> (artifact id: '93211ecc5155a8e3d96a7e2eb79a6b3b') in 0.033411 seconds 
  Import took 0.039996 seconds .

========================================================================
Received Import Request.
  Time since last request: 0.000462 seconds.
  path: Assets/Desert_Village_LowPoly_HDRP/Materials/M_Lamp_Emission.mat
  artifactKey: Guid(fe2615a44fd66974daaa1aaf4ad787e8) Importer(815301076,1909f56bfc062723c751e8b465ee728b)
Start importing Assets/Desert_Village_LowPoly_HDRP/Materials/M_Lamp_Emission.mat using Guid(fe2615a44fd66974daaa1aaf4ad787e8) Importer(815301076,1909f56bfc062723c751e8b465ee728b)  -> (artifact id: 'ce98f3b60d1a9025d6ae99850ac51c8c') in 0.033576 seconds 
  Import took 0.041605 seconds .

========================================================================
Received Import Request.
  Time since last request: 0.000509 seconds.
  path: Assets/Desert_Village_LowPoly_HDRP/Materials/M_House_Wall_Out.mat
  artifactKey: Guid(c7723ce6f37ea4542a08e60147b04617) Importer(815301076,1909f56bfc062723c751e8b465ee728b)
Start importing Assets/Desert_Village_LowPoly_HDRP/Materials/M_House_Wall_Out.mat using Guid(c7723ce6f37ea4542a08e60147b04617) Importer(815301076,1909f56bfc062723c751e8b465ee728b)  -> (artifact id: 'ed450753eb2820d100500012dea2c370') in 0.035046 seconds 
  Import took 0.042309 seconds .

========================================================================
Received Import Request.
  Time since last request: 0.000584 seconds.
  path: Assets/Desert_Village_LowPoly_HDRP/Materials/M_House_Wood.mat
  artifactKey: Guid(e2d5dcca8dda83644bdfff8aad886316) Importer(815301076,1909f56bfc062723c751e8b465ee728b)
Start importing Assets/Desert_Village_LowPoly_HDRP/Materials/M_House_Wood.mat using Guid(e2d5dcca8dda83644bdfff8aad886316) Importer(815301076,1909f56bfc062723c751e8b465ee728b)  -> (artifact id: '70f60ad44753aebf09ee7fdee33937a2') in 0.034523 seconds 
  Import took 0.041849 seconds .

========================================================================
Received Import Request.
  Time since last request: 0.000485 seconds.
  path: Assets/Desert_Village_LowPoly_HDRP/Materials/M_Palm_Sheet.mat
  artifactKey: Guid(c924344f433cc7a428830de05a981fde) Importer(815301076,1909f56bfc062723c751e8b465ee728b)
Start importing Assets/Desert_Village_LowPoly_HDRP/Materials/M_Palm_Sheet.mat using Guid(c924344f433cc7a428830de05a981fde) Importer(815301076,1909f56bfc062723c751e8b465ee728b)  -> (artifact id: '5fa9033d62f775fa89fc6bfcde58fbfa') in 0.035642 seconds 
  Import took 0.047659 seconds .

========================================================================
Received Import Request.
  Time since last request: 0.000490 seconds.
  path: Assets/Desert_Village_LowPoly_HDRP/Materials/M_Towel_Green.mat
  artifactKey: Guid(e2753d972a5c05b459b8f6960aa74f6f) Importer(815301076,1909f56bfc062723c751e8b465ee728b)
Start importing Assets/Desert_Village_LowPoly_HDRP/Materials/M_Towel_Green.mat using Guid(e2753d972a5c05b459b8f6960aa74f6f) Importer(815301076,1909f56bfc062723c751e8b465ee728b)  -> (artifact id: '67dc87dfefa6ea63c76b25a444df16be') in 0.034652 seconds 
  Import took 0.041548 seconds .

========================================================================
Received Import Request.
  Time since last request: 0.000401 seconds.
  path: Assets/Desert_Village_LowPoly_HDRP/Materials/M_Towel_Yellow.mat
  artifactKey: Guid(cfb7ec0465795eb4481b80fc8d535879) Importer(815301076,1909f56bfc062723c751e8b465ee728b)
Start importing Assets/Desert_Village_LowPoly_HDRP/Materials/M_Towel_Yellow.mat using Guid(cfb7ec0465795eb4481b80fc8d535879) Importer(815301076,1909f56bfc062723c751e8b465ee728b)  -> (artifact id: '9de63c1d6343d4433f21082a19c51788') in 0.033221 seconds 
  Import took 0.040940 seconds .

========================================================================
Received Import Request.
  Time since last request: 0.000491 seconds.
  path: Assets/Desert_Village_LowPoly_HDRP/Materials/M_Vase.mat
  artifactKey: Guid(9586951ff1f08f14190d195079168ddd) Importer(815301076,1909f56bfc062723c751e8b465ee728b)
Start importing Assets/Desert_Village_LowPoly_HDRP/Materials/M_Vase.mat using Guid(9586951ff1f08f14190d195079168ddd) Importer(815301076,1909f56bfc062723c751e8b465ee728b)  -> (artifact id: '28e6ef60056496b7529ca43f133da114') in 0.033035 seconds 
  Import took 0.040968 seconds .

========================================================================
Received Import Request.
  Time since last request: 0.000487 seconds.
  path: Assets/Desert_Village_LowPoly_HDRP/Materials/M_Lamp_Base.mat
  artifactKey: Guid(0dd06576413083c4c9c896b9b26ccf8b) Importer(815301076,1909f56bfc062723c751e8b465ee728b)
Start importing Assets/Desert_Village_LowPoly_HDRP/Materials/M_Lamp_Base.mat using Guid(0dd06576413083c4c9c896b9b26ccf8b) Importer(815301076,1909f56bfc062723c751e8b465ee728b)  -> (artifact id: 'cbc34786b7b95fae7bb31424346246b0') in 0.032195 seconds 
  Import took 0.039161 seconds .

========================================================================
Received Import Request.
  Time since last request: 0.000461 seconds.
  path: Assets/Desert_Village_LowPoly_HDRP/Materials/M_Towel_Red.mat
  artifactKey: Guid(975832d61e1791d4d823e4bccc59ecbd) Importer(815301076,1909f56bfc062723c751e8b465ee728b)
Start importing Assets/Desert_Village_LowPoly_HDRP/Materials/M_Towel_Red.mat using Guid(975832d61e1791d4d823e4bccc59ecbd) Importer(815301076,1909f56bfc062723c751e8b465ee728b)  -> (artifact id: 'd06c026b752728dba71fc7e15f6adc93') in 0.033395 seconds 
  Import took 0.041010 seconds .

========================================================================
Received Import Request.
  Time since last request: 2.445417 seconds.
  path: Assets/Desert_Village_LowPoly_HDRP/Meshes
  artifactKey: Guid(47e4a197754b0f248b417493f34a995e) Importer(815301076,1909f56bfc062723c751e8b465ee728b)
Start importing Assets/Desert_Village_LowPoly_HDRP/Meshes using Guid(47e4a197754b0f248b417493f34a995e) Importer(815301076,1909f56bfc062723c751e8b465ee728b)  -> (artifact id: '383d3ecbc38e062e86f911cacbec9d40') in 0.018405 seconds 
  Import took 0.025877 seconds .

========================================================================
Received Import Request.
  Time since last request: 0.048914 seconds.
  path: Assets/Desert_Village_LowPoly_HDRP/Meshes/Desert_Village_Bench.fbx
  artifactKey: Guid(589c05391e5bebd4e843bca5d9c84a66) Importer(815301076,1909f56bfc062723c751e8b465ee728b)
Start importing Assets/Desert_Village_LowPoly_HDRP/Meshes/Desert_Village_Bench.fbx using Guid(589c05391e5bebd4e843bca5d9c84a66) Importer(815301076,1909f56bfc062723c751e8b465ee728b)  -> (artifact id: '3885a42ce036266d4007d8aae41c5eb0') in 0.334788 seconds 
  Import took 0.340541 seconds .

========================================================================
Received Import Request.
  Time since last request: 0.000427 seconds.
  path: Assets/Desert_Village_LowPoly_HDRP/Meshes/Desert_Village_Desert.fbx
  artifactKey: Guid(18488c270711a7445bc75721470cf3be) Importer(815301076,1909f56bfc062723c751e8b465ee728b)
Start importing Assets/Desert_Village_LowPoly_HDRP/Meshes/Desert_Village_Desert.fbx using Guid(18488c270711a7445bc75721470cf3be) Importer(815301076,1909f56bfc062723c751e8b465ee728b)  -> (artifact id: 'c4b7a7dd364ba613728b7a87c68f91c9') in 0.045136 seconds 
  Import took 0.051355 seconds .

========================================================================
Received Import Request.
  Time since last request: 0.000365 seconds.
  path: Assets/Desert_Village_LowPoly_HDRP/Meshes/Desert_Village_House_3.fbx
  artifactKey: Guid(feb0b2c230a9ce64a8d3864403493271) Importer(815301076,1909f56bfc062723c751e8b465ee728b)
Start importing Assets/Desert_Village_LowPoly_HDRP/Meshes/Desert_Village_House_3.fbx using Guid(feb0b2c230a9ce64a8d3864403493271) Importer(815301076,1909f56bfc062723c751e8b465ee728b)  -> (artifact id: '4b91c56b07fe3b178671b8266c358a0a') in 0.161322 seconds 
  Import took 0.166476 seconds .

========================================================================
Received Import Request.
  Time since last request: 0.000408 seconds.
  path: Assets/Desert_Village_LowPoly_HDRP/Meshes/Desert_Village_Dryer.fbx
  artifactKey: Guid(6c4d5d07bf347e84ead0616c95caba9f) Importer(815301076,1909f56bfc062723c751e8b465ee728b)
Start importing Assets/Desert_Village_LowPoly_HDRP/Meshes/Desert_Village_Dryer.fbx using Guid(6c4d5d07bf347e84ead0616c95caba9f) Importer(815301076,1909f56bfc062723c751e8b465ee728b)  -> (artifact id: '8dbe864651d5a11d3498645be5bbc8f4') in 0.093298 seconds 
  Import took 0.100719 seconds .

========================================================================
Received Import Request.
  Time since last request: 0.000368 seconds.
  path: Assets/Desert_Village_LowPoly_HDRP/Meshes/Desert_Village_Tent_1.fbx
  artifactKey: Guid(70f154671adeffe46bf3ecc2d3729788) Importer(815301076,1909f56bfc062723c751e8b465ee728b)
Start importing Assets/Desert_Village_LowPoly_HDRP/Meshes/Desert_Village_Tent_1.fbx using Guid(70f154671adeffe46bf3ecc2d3729788) Importer(815301076,1909f56bfc062723c751e8b465ee728b)  -> (artifact id: '608f4b0c45cd253f5a69dddc898ec1a4') in 0.069687 seconds 
  Import took 0.077281 seconds .

========================================================================
Received Import Request.
  Time since last request: 0.000485 seconds.
  path: Assets/Desert_Village_LowPoly_HDRP/Meshes/Desert_Village_House_Lamp.fbx
  artifactKey: Guid(90de6738a7d5d6445a7e8189e56d1083) Importer(815301076,1909f56bfc062723c751e8b465ee728b)
Start importing Assets/Desert_Village_LowPoly_HDRP/Meshes/Desert_Village_House_Lamp.fbx using Guid(90de6738a7d5d6445a7e8189e56d1083) Importer(815301076,1909f56bfc062723c751e8b465ee728b)  -> (artifact id: '20d3ba10319a96d61f6b1d1b47e24acb') in 0.084054 seconds 
  Import took 0.091732 seconds .

========================================================================
Received Import Request.
  Time since last request: 0.000440 seconds.
  path: Assets/Desert_Village_LowPoly_HDRP/Meshes/Desert_Village_Bucket.fbx
  artifactKey: Guid(b58053af909ca22408b1f5b548446bd9) Importer(815301076,1909f56bfc062723c751e8b465ee728b)
Start importing Assets/Desert_Village_LowPoly_HDRP/Meshes/Desert_Village_Bucket.fbx using Guid(b58053af909ca22408b1f5b548446bd9) Importer(815301076,1909f56bfc062723c751e8b465ee728b)  -> (artifact id: '7d6d05a61082f8d9d8aff64b71d38686') in 0.044687 seconds 
  Import took 0.051911 seconds .

========================================================================
Received Import Request.
  Time since last request: 0.000379 seconds.
  path: Assets/Desert_Village_LowPoly_HDRP/Meshes/Desert_Village_House_2.fbx
  artifactKey: Guid(1216099de1838824bbd4d4b016f12108) Importer(815301076,1909f56bfc062723c751e8b465ee728b)
Start importing Assets/Desert_Village_LowPoly_HDRP/Meshes/Desert_Village_House_2.fbx using Guid(1216099de1838824bbd4d4b016f12108) Importer(815301076,1909f56bfc062723c751e8b465ee728b)  -> (artifact id: 'ba1829ae6f2863d6d1cb665da70fa0d9') in 0.226765 seconds 
  Import took 0.234102 seconds .

========================================================================
Received Import Request.
  Time since last request: 0.000425 seconds.
  path: Assets/Desert_Village_LowPoly_HDRP/Meshes/Desert_Village_Fence_1.fbx
  artifactKey: Guid(cdc55ac9a8d66064286544c13d5b3450) Importer(815301076,1909f56bfc062723c751e8b465ee728b)
Start importing Assets/Desert_Village_LowPoly_HDRP/Meshes/Desert_Village_Fence_1.fbx using Guid(cdc55ac9a8d66064286544c13d5b3450) Importer(815301076,1909f56bfc062723c751e8b465ee728b)  -> (artifact id: '7389ce11b40c99df1ca6114894b910eb') in 0.125618 seconds 
  Import took 0.131389 seconds .

========================================================================
Received Import Request.
  Time since last request: 0.000490 seconds.
  path: Assets/Desert_Village_LowPoly_HDRP/Meshes/Desert_Village_House_4.fbx
  artifactKey: Guid(eb4463eea96e4a24296a8ff63d7ca6c2) Importer(815301076,1909f56bfc062723c751e8b465ee728b)
Start importing Assets/Desert_Village_LowPoly_HDRP/Meshes/Desert_Village_House_4.fbx using Guid(eb4463eea96e4a24296a8ff63d7ca6c2) Importer(815301076,1909f56bfc062723c751e8b465ee728b)  -> (artifact id: 'd248dc46beec93519242862e45f1c23d') in 0.241364 seconds 
  Import took 0.248002 seconds .

========================================================================
Received Import Request.
  Time since last request: 0.000439 seconds.
  path: Assets/Desert_Village_LowPoly_HDRP/Meshes/Desert_Village_House_1.fbx
  artifactKey: Guid(ac1ff9b00c27a634e8e0aeafdf0ba6de) Importer(815301076,1909f56bfc062723c751e8b465ee728b)
Start importing Assets/Desert_Village_LowPoly_HDRP/Meshes/Desert_Village_House_1.fbx using Guid(ac1ff9b00c27a634e8e0aeafdf0ba6de) Importer(815301076,1909f56bfc062723c751e8b465ee728b)  -> (artifact id: 'ccc13939e23b0ce6d95988db5ff2e5e3') in 0.207944 seconds 
  Import took 0.215066 seconds .

========================================================================
Received Import Request.
  Time since last request: 0.000392 seconds.
  path: Assets/Desert_Village_LowPoly_HDRP/Meshes/Desert_Village_Threshold_Rock.fbx
  artifactKey: Guid(13beb9e7ff1aa8b4aae7f03929a6d8fd) Importer(815301076,1909f56bfc062723c751e8b465ee728b)
Start importing Assets/Desert_Village_LowPoly_HDRP/Meshes/Desert_Village_Threshold_Rock.fbx using Guid(13beb9e7ff1aa8b4aae7f03929a6d8fd) Importer(815301076,1909f56bfc062723c751e8b465ee728b)  -> (artifact id: '59a0dee34f06fbb13322d03733ce3ed1') in 0.093485 seconds 
  Import took 0.101356 seconds .

========================================================================
Received Import Request.
  Time since last request: 0.002991 seconds.
  path: Assets/Desert_Village_LowPoly_HDRP/Meshes/Desert_Village_Palm_2.fbx
  artifactKey: Guid(bd1cd74bc579fdc46aefe096deb98eee) Importer(815301076,1909f56bfc062723c751e8b465ee728b)
Start importing Assets/Desert_Village_LowPoly_HDRP/Meshes/Desert_Village_Palm_2.fbx using Guid(bd1cd74bc579fdc46aefe096deb98eee) Importer(815301076,1909f56bfc062723c751e8b465ee728b)  -> (artifact id: 'a62fbfd2c47464bdd2b29544a036691c') in 0.200279 seconds 
  Import took 0.208397 seconds .

========================================================================
Received Import Request.
  Time since last request: 0.000383 seconds.
  path: Assets/Desert_Village_LowPoly_HDRP/Meshes/Desert_Village_Street_Lamp.fbx
  artifactKey: Guid(c47f493343245194caf196ae6bdfe67a) Importer(815301076,1909f56bfc062723c751e8b465ee728b)
Start importing Assets/Desert_Village_LowPoly_HDRP/Meshes/Desert_Village_Street_Lamp.fbx using Guid(c47f493343245194caf196ae6bdfe67a) Importer(815301076,1909f56bfc062723c751e8b465ee728b)  -> (artifact id: 'dd72cc08eb21d246ab0320f71633bff2') in 0.075754 seconds 
  Import took 0.083328 seconds .

========================================================================
Received Import Request.
  Time since last request: 0.000453 seconds.
  path: Assets/Desert_Village_LowPoly_HDRP/Meshes/Desert_Village_Palm_1.fbx
  artifactKey: Guid(bbcdd04da997456489cd85403a789493) Importer(815301076,1909f56bfc062723c751e8b465ee728b)
Start importing Assets/Desert_Village_LowPoly_HDRP/Meshes/Desert_Village_Palm_1.fbx using Guid(bbcdd04da997456489cd85403a789493) Importer(815301076,1909f56bfc062723c751e8b465ee728b)  -> (artifact id: '59cc87cb89fc3dc35be14a31409c1711') in 0.219046 seconds 
  Import took 0.226177 seconds .

========================================================================
Received Import Request.
  Time since last request: 0.000422 seconds.
  path: Assets/Desert_Village_LowPoly_HDRP/Meshes/Desert_Village_Fence_2.fbx
  artifactKey: Guid(6f9e8f0069476f341a26dd54f867cb02) Importer(815301076,1909f56bfc062723c751e8b465ee728b)
Start importing Assets/Desert_Village_LowPoly_HDRP/Meshes/Desert_Village_Fence_2.fbx using Guid(6f9e8f0069476f341a26dd54f867cb02) Importer(815301076,1909f56bfc062723c751e8b465ee728b)  -> (artifact id: 'ec61dbc521b750dea036faf52fc793b0') in 0.046549 seconds 
  Import took 0.053707 seconds .

========================================================================
Received Import Request.
  Time since last request: 0.452986 seconds.
  path: Assets/Desert_Village_LowPoly_HDRP/Prefabs
  artifactKey: Guid(2295d06e1a028154da7c4527baecc9dc) Importer(815301076,1909f56bfc062723c751e8b465ee728b)
Start importing Assets/Desert_Village_LowPoly_HDRP/Prefabs using Guid(2295d06e1a028154da7c4527baecc9dc) Importer(815301076,1909f56bfc062723c751e8b465ee728b)  -> (artifact id: '410d1178465001a4e7e748f561e90706') in 0.014992 seconds 
  Import took 0.023287 seconds .

========================================================================
Received Import Request.
  Time since last request: 0.050405 seconds.
  path: Assets/Desert_Village_LowPoly_HDRP/Prefabs/Desert_Village_Bench (1).prefab
  artifactKey: Guid(ae3c14b96abd09d42a0616d9bf768053) Importer(815301076,1909f56bfc062723c751e8b465ee728b)
Start importing Assets/Desert_Village_LowPoly_HDRP/Prefabs/Desert_Village_Bench (1).prefab using Guid(ae3c14b96abd09d42a0616d9bf768053) Importer(815301076,1909f56bfc062723c751e8b465ee728b)  -> (artifact id: 'c7dd27d333b67c46eeac78dc4a2874a8') in 0.037596 seconds 
  Import took 0.049999 seconds .

========================================================================
Received Import Request.
  Time since last request: 0.000452 seconds.
  path: Assets/Desert_Village_LowPoly_HDRP/Prefabs/Desert_Village_House_4.prefab
  artifactKey: Guid(d800a4f4583b26248a0986838df623c6) Importer(815301076,1909f56bfc062723c751e8b465ee728b)
Start importing Assets/Desert_Village_LowPoly_HDRP/Prefabs/Desert_Village_House_4.prefab using Guid(d800a4f4583b26248a0986838df623c6) Importer(815301076,1909f56bfc062723c751e8b465ee728b)  -> (artifact id: 'be06dcd1627f9c44e007ac6883bfb73c') in 0.042679 seconds 
  Import took 0.051014 seconds .

========================================================================
Received Import Request.
  Time since last request: 0.000456 seconds.
  path: Assets/Desert_Village_LowPoly_HDRP/Prefabs/Desert_Village_Street_Lamp.prefab
  artifactKey: Guid(e838bc811ff46e34f947bf686a965c7f) Importer(815301076,1909f56bfc062723c751e8b465ee728b)
Start importing Assets/Desert_Village_LowPoly_HDRP/Prefabs/Desert_Village_Street_Lamp.prefab using Guid(e838bc811ff46e34f947bf686a965c7f) Importer(815301076,1909f56bfc062723c751e8b465ee728b)  -> (artifact id: 'e6979414f2d870737b117bf128f0a3bf') in 0.031397 seconds 
  Import took 0.039747 seconds .

========================================================================
Received Import Request.
  Time since last request: 0.000485 seconds.
  path: Assets/Desert_Village_LowPoly_HDRP/Prefabs/Desert_Village_House_3.prefab
  artifactKey: Guid(0faca65c8f14644408f4114d41941bc2) Importer(815301076,1909f56bfc062723c751e8b465ee728b)
Start importing Assets/Desert_Village_LowPoly_HDRP/Prefabs/Desert_Village_House_3.prefab using Guid(0faca65c8f14644408f4114d41941bc2) Importer(815301076,1909f56bfc062723c751e8b465ee728b)  -> (artifact id: '414e586971ced43d0929983487704771') in 0.031303 seconds 
  Import took 0.039221 seconds .

========================================================================
Received Import Request.
  Time since last request: 0.000435 seconds.
  path: Assets/Desert_Village_LowPoly_HDRP/Prefabs/Desert_Village_Palm_2.prefab
  artifactKey: Guid(f94f1afb3f828eb438a87f71c51b2516) Importer(815301076,1909f56bfc062723c751e8b465ee728b)
Start importing Assets/Desert_Village_LowPoly_HDRP/Prefabs/Desert_Village_Palm_2.prefab using Guid(f94f1afb3f828eb438a87f71c51b2516) Importer(815301076,1909f56bfc062723c751e8b465ee728b)  -> (artifact id: 'a83e2a93ff8691ab8e90884ebfbcd206') in 0.034447 seconds 
  Import took 0.042075 seconds .

========================================================================
Received Import Request.
  Time since last request: 0.000416 seconds.
  path: Assets/Desert_Village_LowPoly_HDRP/Prefabs/Desert_Village_Palm_1.prefab
  artifactKey: Guid(63e0a48ed294278458fa101f87f50a76) Importer(815301076,1909f56bfc062723c751e8b465ee728b)
Start importing Assets/Desert_Village_LowPoly_HDRP/Prefabs/Desert_Village_Palm_1.prefab using Guid(63e0a48ed294278458fa101f87f50a76) Importer(815301076,1909f56bfc062723c751e8b465ee728b)  -> (artifact id: '23ba5d68a33d358071194cc9952c22b0') in 0.037157 seconds 
  Import took 0.044425 seconds .

========================================================================
Received Import Request.
  Time since last request: 0.000450 seconds.
  path: Assets/Desert_Village_LowPoly_HDRP/Prefabs/Desert_Village_Tent_1.prefab
  artifactKey: Guid(967076be8d94f0647982242fac0166e0) Importer(815301076,1909f56bfc062723c751e8b465ee728b)
Start importing Assets/Desert_Village_LowPoly_HDRP/Prefabs/Desert_Village_Tent_1.prefab using Guid(967076be8d94f0647982242fac0166e0) Importer(815301076,1909f56bfc062723c751e8b465ee728b)  -> (artifact id: '33835c454914a85ef5703782f9f671ea') in 0.030231 seconds 
  Import took 0.041532 seconds .

========================================================================
Received Import Request.
  Time since last request: 0.000487 seconds.
  path: Assets/Desert_Village_LowPoly_HDRP/Prefabs/Desert_Village_Bucket.prefab
  artifactKey: Guid(5e22c709abb2c1d45ad476ea4b03de35) Importer(815301076,1909f56bfc062723c751e8b465ee728b)
Start importing Assets/Desert_Village_LowPoly_HDRP/Prefabs/Desert_Village_Bucket.prefab using Guid(5e22c709abb2c1d45ad476ea4b03de35) Importer(815301076,1909f56bfc062723c751e8b465ee728b)  -> (artifact id: 'e1cf504cf45ea42718a807da0d8d19cb') in 0.033502 seconds 
  Import took 0.041250 seconds .

========================================================================
Received Import Request.
  Time since last request: 0.000390 seconds.
  path: Assets/Desert_Village_LowPoly_HDRP/Prefabs/Desert_Village_Dryer.prefab
  artifactKey: Guid(9c2a2d2b74e6f124a968dc5c9089af1d) Importer(815301076,1909f56bfc062723c751e8b465ee728b)
Start importing Assets/Desert_Village_LowPoly_HDRP/Prefabs/Desert_Village_Dryer.prefab using Guid(9c2a2d2b74e6f124a968dc5c9089af1d) Importer(815301076,1909f56bfc062723c751e8b465ee728b)  -> (artifact id: '29c5fe3b3c8a66712302f957af844733') in 0.034274 seconds 
  Import took 0.042255 seconds .

========================================================================
Received Import Request.
  Time since last request: 0.000452 seconds.
  path: Assets/Desert_Village_LowPoly_HDRP/Prefabs/Desert_Village_House_1.prefab
  artifactKey: Guid(b7d5a31e2b3908746b39720151582136) Importer(815301076,1909f56bfc062723c751e8b465ee728b)
Start importing Assets/Desert_Village_LowPoly_HDRP/Prefabs/Desert_Village_House_1.prefab using Guid(b7d5a31e2b3908746b39720151582136) Importer(815301076,1909f56bfc062723c751e8b465ee728b)  -> (artifact id: '3fe345f342d7dc367b4d133041e918a7') in 0.043317 seconds 
  Import took 0.054215 seconds .

========================================================================
Received Import Request.
  Time since last request: 0.000519 seconds.
  path: Assets/Desert_Village_LowPoly_HDRP/Prefabs/Desert_Village_Fence_Full.prefab
  artifactKey: Guid(d67be1cf908c827449ae4369c4919dc0) Importer(815301076,1909f56bfc062723c751e8b465ee728b)
Start importing Assets/Desert_Village_LowPoly_HDRP/Prefabs/Desert_Village_Fence_Full.prefab using Guid(d67be1cf908c827449ae4369c4919dc0) Importer(815301076,1909f56bfc062723c751e8b465ee728b)  -> (artifact id: 'fa6a1f86cf036df7e1c77f68a32ab9c1') in 0.033965 seconds 
  Import took 0.041489 seconds .

========================================================================
Received Import Request.
  Time since last request: 0.000470 seconds.
  path: Assets/Desert_Village_LowPoly_HDRP/Prefabs/Desert_Village_Desert.prefab
  artifactKey: Guid(01fe0c353c6dfb947b34071429662c08) Importer(815301076,1909f56bfc062723c751e8b465ee728b)
Start importing Assets/Desert_Village_LowPoly_HDRP/Prefabs/Desert_Village_Desert.prefab using Guid(01fe0c353c6dfb947b34071429662c08) Importer(815301076,1909f56bfc062723c751e8b465ee728b)  -> (artifact id: '16c8ed4d5f8a76594439accf3f256f7b') in 0.029632 seconds 
  Import took 0.037124 seconds .

========================================================================
Received Import Request.
  Time since last request: 0.000455 seconds.
  path: Assets/Desert_Village_LowPoly_HDRP/Prefabs/Desert_Village_House_Lamp.prefab
  artifactKey: Guid(0f2e7b5cff628ea42ac22c632b2d19e5) Importer(815301076,1909f56bfc062723c751e8b465ee728b)
Start importing Assets/Desert_Village_LowPoly_HDRP/Prefabs/Desert_Village_House_Lamp.prefab using Guid(0f2e7b5cff628ea42ac22c632b2d19e5) Importer(815301076,1909f56bfc062723c751e8b465ee728b)  -> (artifact id: 'dfde34c16cdcd36f3a606fada550e646') in 0.033461 seconds 
  Import took 0.041313 seconds .

========================================================================
Received Import Request.
  Time since last request: 0.000453 seconds.
  path: Assets/Desert_Village_LowPoly_HDRP/Prefabs/Desert_Village_House_2.prefab
  artifactKey: Guid(41435389b060aac45929f968c7e64a12) Importer(815301076,1909f56bfc062723c751e8b465ee728b)
Start importing Assets/Desert_Village_LowPoly_HDRP/Prefabs/Desert_Village_House_2.prefab using Guid(41435389b060aac45929f968c7e64a12) Importer(815301076,1909f56bfc062723c751e8b465ee728b)  -> (artifact id: '3bf3fa404e42ee57c7ce8f91ad5dd9cd') in 0.050299 seconds 
  Import took 0.058139 seconds .

========================================================================
Received Import Request.
  Time since last request: 0.000481 seconds.
  path: Assets/Desert_Village_LowPoly_HDRP/Prefabs/Desert_Village_Threshold_Rock.prefab
  artifactKey: Guid(07b9db8a4c5b12449b9ee8e9fbccd558) Importer(815301076,1909f56bfc062723c751e8b465ee728b)
Start importing Assets/Desert_Village_LowPoly_HDRP/Prefabs/Desert_Village_Threshold_Rock.prefab using Guid(07b9db8a4c5b12449b9ee8e9fbccd558) Importer(815301076,1909f56bfc062723c751e8b465ee728b)  -> (artifact id: '608afa1fec3a5959519ef8b9ae9e9562') in 0.033363 seconds 
  Import took 0.041712 seconds .

========================================================================
Received Import Request.
  Time since last request: 2.223862 seconds.
  path: Assets/Desert_Village_LowPoly_HDRP/Scene
  artifactKey: Guid(bd36a8a9eb113fa499a7a0b42ff93bef) Importer(815301076,1909f56bfc062723c751e8b465ee728b)
Start importing Assets/Desert_Village_LowPoly_HDRP/Scene using Guid(bd36a8a9eb113fa499a7a0b42ff93bef) Importer(815301076,1909f56bfc062723c751e8b465ee728b)  -> (artifact id: 'e5c0aaf5eb88310370407f13a5f13122') in 0.018352 seconds 
  Import took 0.025725 seconds .

========================================================================
Received Import Request.
  Time since last request: 4.946276 seconds.
  path: Assets/Desert_Village_LowPoly_HDRP/Scene/Desert_Village.unity
  artifactKey: Guid(b355ddf47ac85d74cbc7ddd0d7fba648) Importer(815301076,1909f56bfc062723c751e8b465ee728b)
Start importing Assets/Desert_Village_LowPoly_HDRP/Scene/Desert_Village.unity using Guid(b355ddf47ac85d74cbc7ddd0d7fba648) Importer(815301076,1909f56bfc062723c751e8b465ee728b)  -> (artifact id: '1d5c949c4de6982072ad82cecd5a8268') in 0.019124 seconds 
  Import took 0.026488 seconds .

========================================================================
Received Import Request.
  Time since last request: 39.206785 seconds.
  path: Assets/Desert_Village_LowPoly_HDRP
  artifactKey: Guid(e446a01a2b276034fbd7714b1e3fce01) Importer(815301076,1909f56bfc062723c751e8b465ee728b)
Start importing Assets/Desert_Village_LowPoly_HDRP using Guid(e446a01a2b276034fbd7714b1e3fce01) Importer(815301076,1909f56bfc062723c751e8b465ee728b)  -> (artifact id: '0fecf640eedd831ba62f0af0df1af779') in 0.018697 seconds 
  Import took 0.026218 seconds .

========================================================================
Received Import Request.
  Time since last request: 4.396296 seconds.
  path: Assets/Scenes/Lvl1.unity
  artifactKey: Guid(af4bcfc8cf0526f4abb09fcb7d021a60) Importer(815301076,1909f56bfc062723c751e8b465ee728b)
Start importing Assets/Scenes/Lvl1.unity using Guid(af4bcfc8cf0526f4abb09fcb7d021a60) Importer(815301076,1909f56bfc062723c751e8b465ee728b)  -> (artifact id: '6c53b01330c2572c41a7add2abad7d36') in 0.019086 seconds 
  Import took 0.025852 seconds .

========================================================================
Received Prepare
Registering precompiled user dll's ...
Registered in 0.010712 seconds.
Begin MonoManager ReloadAssembly
Native extension for WindowsStandalone target not found
Refreshing native plugins compatible for Editor in 1.00 ms, found 2 plugins.
Preloading 0 native plugins for Editor in 0.00 ms.
Mono: successfully reloaded assembly
- Completed reload, in  3.394 seconds
Domain Reload Profiling:
	ReloadAssembly (3395ms)
		BeginReloadAssembly (376ms)
			ExecutionOrderSort (0ms)
			DisableScriptedObjects (13ms)
			BackupInstance (0ms)
			ReleaseScriptingObjects (0ms)
			CreateAndSetChildDomain (142ms)
		EndReloadAssembly (2817ms)
			LoadAssemblies (276ms)
			RebuildTransferFunctionScriptingTraits (0ms)
			SetupTypeCache (1000ms)
			ReleaseScriptCaches (3ms)
			RebuildScriptCaches (148ms)
			SetupLoadedEditorAssemblies (1017ms)
				LogAssemblyErrors (0ms)
				InitializePlatformSupportModulesInManaged (17ms)
				SetLoadedEditorAssemblies (2ms)
				RefreshPlugins (1ms)
				BeforeProcessingInitializeOnLoad (261ms)
				ProcessInitializeOnLoadAttributes (702ms)
				ProcessInitializeOnLoadMethodAttributes (15ms)
				AfterProcessingInitializeOnLoad (19ms)
				EditorAssembliesLoaded (1ms)
			ExecutionOrderSort2 (0ms)
			AwakeInstancesAfterBackupRestoration (24ms)
Platform modules already initialized, skipping
Refreshing native plugins compatible for Editor in 0.73 ms, found 2 plugins.
Preloading 0 native plugins for Editor in 0.00 ms.
Unloading 1375 Unused Serialized files (Serialized files now loaded: 0)
System memory in use before: 68.8 MB.
System memory in use after: 68.9 MB.

Unloading 12 unused Assets to reduce memory usage. Loaded Objects now: 1911.
Total: 8.476800 ms (FindLiveObjects: 0.501400 ms CreateObjectMapping: 0.224000 ms MarkObjects: 7.694400 ms  DeleteObjects: 0.052400 ms)

AssetImportParameters requested are different than current active one (requested -> active):
  custom:framework-win-MediaFoundation: 216162199b28c13a410421893ffa2e32 -> 
  custom:video-decoder-ogg-theora: a1e56fd34408186e4bbccfd4996cb3dc -> 
  custom:container-muxer-webm: aa71ff27fc2769a1b78a27578f13a17b -> 
  custom:container-demuxer-webm: 4f35f7cbe854078d1ac9338744f61a02 -> 
  custom:container-demuxer-ogg: 62fdf1f143b41e24485cea50d1cbac27 -> 
  custom:video-encoder-webm-vp8: eb34c28f22e8b96e1ab97ce403110664 -> 
  custom:video-decoder-webm-vp8: 9c59270c3fd7afecdb556c50c9e8de78 -> 
  custom:audio-decoder-ogg-vorbis: bf7c407c2cedff20999df2af8eb42d56 -> 
  custom:audio-encoder-webm-vorbis: bf7c407c2cedff20999df2af8eb42d56 -> 
========================================================================
Received Prepare
Registering precompiled user dll's ...
Registered in 0.005505 seconds.
Begin MonoManager ReloadAssembly
Native extension for WindowsStandalone target not found
Refreshing native plugins compatible for Editor in 1.01 ms, found 2 plugins.
Preloading 0 native plugins for Editor in 0.00 ms.
Mono: successfully reloaded assembly
- Completed reload, in  3.207 seconds
Domain Reload Profiling:
	ReloadAssembly (3208ms)
		BeginReloadAssembly (356ms)
			ExecutionOrderSort (0ms)
			DisableScriptedObjects (12ms)
			BackupInstance (0ms)
			ReleaseScriptingObjects (0ms)
			CreateAndSetChildDomain (119ms)
		EndReloadAssembly (2654ms)
			LoadAssemblies (288ms)
			RebuildTransferFunctionScriptingTraits (0ms)
			SetupTypeCache (1025ms)
			ReleaseScriptCaches (2ms)
			RebuildScriptCaches (154ms)
			SetupLoadedEditorAssemblies (881ms)
				LogAssemblyErrors (0ms)
				InitializePlatformSupportModulesInManaged (17ms)
				SetLoadedEditorAssemblies (2ms)
				RefreshPlugins (1ms)
				BeforeProcessingInitializeOnLoad (221ms)
				ProcessInitializeOnLoadAttributes (615ms)
				ProcessInitializeOnLoadMethodAttributes (11ms)
				AfterProcessingInitializeOnLoad (13ms)
				EditorAssembliesLoaded (1ms)
			ExecutionOrderSort2 (0ms)
			AwakeInstancesAfterBackupRestoration (22ms)
Platform modules already initialized, skipping
Refreshing native plugins compatible for Editor in 0.84 ms, found 2 plugins.
Preloading 0 native plugins for Editor in 0.00 ms.
Unloading 1377 Unused Serialized files (Serialized files now loaded: 0)
System memory in use before: 68.8 MB.
System memory in use after: 68.9 MB.

Unloading 11 unused Assets to reduce memory usage. Loaded Objects now: 1915.
Total: 8.548300 ms (FindLiveObjects: 0.484200 ms CreateObjectMapping: 0.209100 ms MarkObjects: 7.806500 ms  DeleteObjects: 0.045000 ms)

AssetImportParameters requested are different than current active one (requested -> active):
  custom:framework-win-MediaFoundation: 216162199b28c13a410421893ffa2e32 -> 
  custom:video-decoder-ogg-theora: a1e56fd34408186e4bbccfd4996cb3dc -> 
  custom:container-muxer-webm: aa71ff27fc2769a1b78a27578f13a17b -> 
  custom:container-demuxer-webm: 4f35f7cbe854078d1ac9338744f61a02 -> 
  custom:container-demuxer-ogg: 62fdf1f143b41e24485cea50d1cbac27 -> 
  custom:video-encoder-webm-vp8: eb34c28f22e8b96e1ab97ce403110664 -> 
  custom:video-decoder-webm-vp8: 9c59270c3fd7afecdb556c50c9e8de78 -> 
  custom:audio-decoder-ogg-vorbis: bf7c407c2cedff20999df2af8eb42d56 -> 
  custom:audio-encoder-webm-vorbis: bf7c407c2cedff20999df2af8eb42d56 -> 
========================================================================
Received Prepare
Registering precompiled user dll's ...
Registered in 0.009015 seconds.
Begin MonoManager ReloadAssembly
Native extension for WindowsStandalone target not found
Refreshing native plugins compatible for Editor in 0.89 ms, found 2 plugins.
Preloading 0 native plugins for Editor in 0.00 ms.
Mono: successfully reloaded assembly
- Completed reload, in  2.884 seconds
Domain Reload Profiling:
	ReloadAssembly (2885ms)
		BeginReloadAssembly (292ms)
			ExecutionOrderSort (0ms)
			DisableScriptedObjects (11ms)
			BackupInstance (0ms)
			ReleaseScriptingObjects (0ms)
			CreateAndSetChildDomain (87ms)
		EndReloadAssembly (2380ms)
			LoadAssemblies (267ms)
			RebuildTransferFunctionScriptingTraits (0ms)
			SetupTypeCache (879ms)
			ReleaseScriptCaches (1ms)
			RebuildScriptCaches (119ms)
			SetupLoadedEditorAssemblies (826ms)
				LogAssemblyErrors (0ms)
				InitializePlatformSupportModulesInManaged (16ms)
				SetLoadedEditorAssemblies (2ms)
				RefreshPlugins (1ms)
				BeforeProcessingInitializeOnLoad (205ms)
				ProcessInitializeOnLoadAttributes (575ms)
				ProcessInitializeOnLoadMethodAttributes (10ms)
				AfterProcessingInitializeOnLoad (17ms)
				EditorAssembliesLoaded (1ms)
			ExecutionOrderSort2 (0ms)
			AwakeInstancesAfterBackupRestoration (17ms)
Platform modules already initialized, skipping
Refreshing native plugins compatible for Editor in 1.02 ms, found 2 plugins.
Preloading 0 native plugins for Editor in 0.00 ms.
Unloading 1377 Unused Serialized files (Serialized files now loaded: 0)
System memory in use before: 68.8 MB.
System memory in use after: 68.9 MB.

Unloading 11 unused Assets to reduce memory usage. Loaded Objects now: 1917.
Total: 6.021200 ms (FindLiveObjects: 0.351800 ms CreateObjectMapping: 0.110100 ms MarkObjects: 5.503500 ms  DeleteObjects: 0.053300 ms)

AssetImportParameters requested are different than current active one (requested -> active):
  custom:framework-win-MediaFoundation: 216162199b28c13a410421893ffa2e32 -> 
  custom:video-decoder-ogg-theora: a1e56fd34408186e4bbccfd4996cb3dc -> 
  custom:container-muxer-webm: aa71ff27fc2769a1b78a27578f13a17b -> 
  custom:container-demuxer-webm: 4f35f7cbe854078d1ac9338744f61a02 -> 
  custom:container-demuxer-ogg: 62fdf1f143b41e24485cea50d1cbac27 -> 
  custom:video-encoder-webm-vp8: eb34c28f22e8b96e1ab97ce403110664 -> 
  custom:video-decoder-webm-vp8: 9c59270c3fd7afecdb556c50c9e8de78 -> 
  custom:audio-decoder-ogg-vorbis: bf7c407c2cedff20999df2af8eb42d56 -> 
  custom:audio-encoder-webm-vorbis: bf7c407c2cedff20999df2af8eb42d56 -> 
========================================================================
Received Import Request.
  Time since last request: 152.694388 seconds.
  path: Assets/Demo/Low poly package
  artifactKey: Guid(408855fa5f661ae46a91ae12a849d02a) Importer(815301076,1909f56bfc062723c751e8b465ee728b)
Start importing Assets/Demo/Low poly package using Guid(408855fa5f661ae46a91ae12a849d02a) Importer(815301076,1909f56bfc062723c751e8b465ee728b)  -> (artifact id: 'b1f9cf4fb58479d58b29a17aeffbca64') in 0.023248 seconds 
  Import took 0.031055 seconds .

========================================================================
Received Import Request.
  Time since last request: 1.203036 seconds.
  path: Assets/Demo/Low poly package/Documentation
  artifactKey: Guid(1f2bd3d6a2454ad48884944575f167be) Importer(815301076,1909f56bfc062723c751e8b465ee728b)
Start importing Assets/Demo/Low poly package/Documentation using Guid(1f2bd3d6a2454ad48884944575f167be) Importer(815301076,1909f56bfc062723c751e8b465ee728b)  -> (artifact id: '7afc75fae28f51b23b0760de1826f89d') in 0.015400 seconds 
  Import took 0.023352 seconds .

========================================================================
Received Import Request.
  Time since last request: 4.624449 seconds.
  path: Assets/Demo/Low poly package/Materials
  artifactKey: Guid(c57427e13d3dfbc4e89fb4e19cef26a2) Importer(815301076,1909f56bfc062723c751e8b465ee728b)
Start importing Assets/Demo/Low poly package/Materials using Guid(c57427e13d3dfbc4e89fb4e19cef26a2) Importer(815301076,1909f56bfc062723c751e8b465ee728b)  -> (artifact id: 'eea48e1b8bc96cdbcc114ad8d9adf714') in 0.006190 seconds 
  Import took 0.013432 seconds .

========================================================================
Received Import Request.
  Time since last request: 0.044140 seconds.
  path: Assets/Demo/Low poly package/Materials/Pixel texture.mat
  artifactKey: Guid(58c820cafe0417c4f887a347e82c34a8) Importer(815301076,1909f56bfc062723c751e8b465ee728b)
Start importing Assets/Demo/Low poly package/Materials/Pixel texture.mat using Guid(58c820cafe0417c4f887a347e82c34a8) Importer(815301076,1909f56bfc062723c751e8b465ee728b)  -> (artifact id: '035c6126e49246520d3d78558bb1ad9a') in 0.166828 seconds 
  Import took 0.174116 seconds .

========================================================================
Received Import Request.
  Time since last request: 6.774595 seconds.
  path: Assets/Demo/Low poly package/Meshes
  artifactKey: Guid(2972b038491877647a62f92b892fa95a) Importer(815301076,1909f56bfc062723c751e8b465ee728b)
Start importing Assets/Demo/Low poly package/Meshes using Guid(2972b038491877647a62f92b892fa95a) Importer(815301076,1909f56bfc062723c751e8b465ee728b)  -> (artifact id: '8e8992b62692e216fe04908f86048eed') in 0.005474 seconds 
  Import took 0.012369 seconds .

========================================================================
Received Import Request.
  Time since last request: 0.045220 seconds.
  path: Assets/Demo/Low poly package/Meshes/Bench.fbx
  artifactKey: Guid(78334f308fdf9374fa59df5b351c8d69) Importer(815301076,1909f56bfc062723c751e8b465ee728b)
Start importing Assets/Demo/Low poly package/Meshes/Bench.fbx using Guid(78334f308fdf9374fa59df5b351c8d69) Importer(815301076,1909f56bfc062723c751e8b465ee728b)  -> (artifact id: 'bde1e2fee06882e87eb6749c98490b0b') in 0.103931 seconds 
  Import took 0.111249 seconds .

========================================================================
Received Import Request.
  Time since last request: 0.000467 seconds.
  path: Assets/Demo/Low poly package/Meshes/Mushroom 1.fbx
  artifactKey: Guid(764990bfa90823e46ab52167ead44b26) Importer(815301076,1909f56bfc062723c751e8b465ee728b)
Start importing Assets/Demo/Low poly package/Meshes/Mushroom 1.fbx using Guid(764990bfa90823e46ab52167ead44b26) Importer(815301076,1909f56bfc062723c751e8b465ee728b)  -> (artifact id: '61ccea653d310bfa59ad74ed5708451a') in 0.049417 seconds 
  Import took 0.056915 seconds .

========================================================================
Received Import Request.
  Time since last request: 0.000423 seconds.
  path: Assets/Demo/Low poly package/Meshes/Mine Cave.fbx
  artifactKey: Guid(c109abd460d660040b18f60d14649503) Importer(815301076,1909f56bfc062723c751e8b465ee728b)
Start importing Assets/Demo/Low poly package/Meshes/Mine Cave.fbx using Guid(c109abd460d660040b18f60d14649503) Importer(815301076,1909f56bfc062723c751e8b465ee728b)  -> (artifact id: 'bf769d0d0d201471266024db8d5150d8') in 0.048860 seconds 
  Import took 0.056253 seconds .

========================================================================
Received Import Request.
  Time since last request: 0.000369 seconds.
  path: Assets/Demo/Low poly package/Meshes/Grass 1.fbx
  artifactKey: Guid(8b2566c511278ed4bb833631a83a0ea1) Importer(815301076,1909f56bfc062723c751e8b465ee728b)
Start importing Assets/Demo/Low poly package/Meshes/Grass 1.fbx using Guid(8b2566c511278ed4bb833631a83a0ea1) Importer(815301076,1909f56bfc062723c751e8b465ee728b)  -> (artifact id: '74482bf0190b9e5af156633ba997637b') in 0.045014 seconds 
  Import took 0.051179 seconds .

========================================================================
Received Import Request.
  Time since last request: 0.000407 seconds.
  path: Assets/Demo/Low poly package/Meshes/Tulip3.fbx
  artifactKey: Guid(4a0fbe32bbd1e5c4fa2f4c92f3325d72) Importer(815301076,1909f56bfc062723c751e8b465ee728b)
Start importing Assets/Demo/Low poly package/Meshes/Tulip3.fbx using Guid(4a0fbe32bbd1e5c4fa2f4c92f3325d72) Importer(815301076,1909f56bfc062723c751e8b465ee728b)  -> (artifact id: '8ecfac1f0a9b1cf9ff957f7b1a755335') in 0.043371 seconds 
  Import took 0.050812 seconds .

========================================================================
Received Import Request.
  Time since last request: 0.000479 seconds.
  path: Assets/Demo/Low poly package/Meshes/Tree 4.fbx
  artifactKey: Guid(780a5a83582857c4c91f685e71c2bd48) Importer(815301076,1909f56bfc062723c751e8b465ee728b)
Start importing Assets/Demo/Low poly package/Meshes/Tree 4.fbx using Guid(780a5a83582857c4c91f685e71c2bd48) Importer(815301076,1909f56bfc062723c751e8b465ee728b)  -> (artifact id: '805d5bab6f2cc28fc22bdb231172a45a') in 0.043801 seconds 
  Import took 0.051181 seconds .

========================================================================
Received Import Request.
  Time since last request: 0.000386 seconds.
  path: Assets/Demo/Low poly package/Meshes/Tree 3.fbx
  artifactKey: Guid(16ce43d902f9b754bb62ac8f8ecc252f) Importer(815301076,1909f56bfc062723c751e8b465ee728b)
Start importing Assets/Demo/Low poly package/Meshes/Tree 3.fbx using Guid(16ce43d902f9b754bb62ac8f8ecc252f) Importer(815301076,1909f56bfc062723c751e8b465ee728b)  -> (artifact id: '187c06332cf33e0b55c0044c96c28212') in 0.046585 seconds 
  Import took 0.052777 seconds .

========================================================================
Received Import Request.
  Time since last request: 0.000414 seconds.
  path: Assets/Demo/Low poly package/Meshes/Terrain big.fbx
  artifactKey: Guid(81970390e3db18749931b30f8adcf57d) Importer(815301076,1909f56bfc062723c751e8b465ee728b)
Start importing Assets/Demo/Low poly package/Meshes/Terrain big.fbx using Guid(81970390e3db18749931b30f8adcf57d) Importer(815301076,1909f56bfc062723c751e8b465ee728b)  -> (artifact id: '008f1e22cc993d1248f404db8012fad9') in 1.172061 seconds 
  Import took 1.181119 seconds .

========================================================================
Received Import Request.
  Time since last request: 0.000481 seconds.
  path: Assets/Demo/Low poly package/Meshes/Terrain small.fbx
  artifactKey: Guid(318fadd2b1b0e5249ae9724f424afc96) Importer(815301076,1909f56bfc062723c751e8b465ee728b)
Start importing Assets/Demo/Low poly package/Meshes/Terrain small.fbx using Guid(318fadd2b1b0e5249ae9724f424afc96) Importer(815301076,1909f56bfc062723c751e8b465ee728b)  -> (artifact id: 'a4da0a51a3347ad88da4818efd7c3ba0') in 0.056238 seconds 
  Import took 0.063664 seconds .

========================================================================
Received Import Request.
  Time since last request: 0.000525 seconds.
  path: Assets/Demo/Low poly package/Meshes/Well.fbx
  artifactKey: Guid(d8bc680d0a6507d44ab9c1e0a96dc8c7) Importer(815301076,1909f56bfc062723c751e8b465ee728b)
Start importing Assets/Demo/Low poly package/Meshes/Well.fbx using Guid(d8bc680d0a6507d44ab9c1e0a96dc8c7) Importer(815301076,1909f56bfc062723c751e8b465ee728b)  -> (artifact id: '93db50feff2726556b27000f6451bddc') in 0.057933 seconds 
  Import took 0.065535 seconds .

========================================================================
Received Import Request.
  Time since last request: 0.000434 seconds.
  path: Assets/Demo/Low poly package/Meshes/Rail 3.fbx
  artifactKey: Guid(7d1c70cfe1c337140a342660171840ce) Importer(815301076,1909f56bfc062723c751e8b465ee728b)
Start importing Assets/Demo/Low poly package/Meshes/Rail 3.fbx using Guid(7d1c70cfe1c337140a342660171840ce) Importer(815301076,1909f56bfc062723c751e8b465ee728b)  -> (artifact id: 'f821d45b81d40d3cce43e14e9175b5d6') in 0.045092 seconds 
  Import took 0.052338 seconds .

========================================================================
Received Import Request.
  Time since last request: 0.000540 seconds.
  path: Assets/Demo/Low poly package/Meshes/House 2.fbx
  artifactKey: Guid(3744ee65f65091d46b84f99ce8173880) Importer(815301076,1909f56bfc062723c751e8b465ee728b)
Start importing Assets/Demo/Low poly package/Meshes/House 2.fbx using Guid(3744ee65f65091d46b84f99ce8173880) Importer(815301076,1909f56bfc062723c751e8b465ee728b)  -> (artifact id: 'b070982bb15b55372bbf492c53f14e3c') in 0.045998 seconds 
  Import took 0.052187 seconds .

========================================================================
Received Import Request.
  Time since last request: 0.000404 seconds.
  path: Assets/Demo/Low poly package/Meshes/Fence 3.fbx
  artifactKey: Guid(8059e69270901ec409f50d1181c168b2) Importer(815301076,1909f56bfc062723c751e8b465ee728b)
Start importing Assets/Demo/Low poly package/Meshes/Fence 3.fbx using Guid(8059e69270901ec409f50d1181c168b2) Importer(815301076,1909f56bfc062723c751e8b465ee728b)  -> (artifact id: 'b2d55ddd036adadca2f207521841fff4') in 0.045977 seconds 
  Import took 0.053454 seconds .

========================================================================
Received Import Request.
  Time since last request: 0.000566 seconds.
  path: Assets/Demo/Low poly package/Meshes/Rock 3.fbx
  artifactKey: Guid(428ae2de63d33b5428e86267a5bdfd1e) Importer(815301076,1909f56bfc062723c751e8b465ee728b)
Start importing Assets/Demo/Low poly package/Meshes/Rock 3.fbx using Guid(428ae2de63d33b5428e86267a5bdfd1e) Importer(815301076,1909f56bfc062723c751e8b465ee728b)  -> (artifact id: '6bde98a3a5ceabe8be6f256e1b900b76') in 0.049478 seconds 
  Import took 0.056651 seconds .

========================================================================
Received Import Request.
  Time since last request: 0.000385 seconds.
  path: Assets/Demo/Low poly package/Meshes/Tree 2.fbx
  artifactKey: Guid(657960c0e330c92479c2ddf2c53eeaf9) Importer(815301076,1909f56bfc062723c751e8b465ee728b)
Start importing Assets/Demo/Low poly package/Meshes/Tree 2.fbx using Guid(657960c0e330c92479c2ddf2c53eeaf9) Importer(815301076,1909f56bfc062723c751e8b465ee728b)  -> (artifact id: 'f9899d800544370e88071c6c64246816') in 0.046860 seconds 
  Import took 0.054415 seconds .

========================================================================
Received Import Request.
  Time since last request: 0.000522 seconds.
  path: Assets/Demo/Low poly package/Meshes/Rail 2.fbx
  artifactKey: Guid(dfdcf9e8bcaf0e24a992bbc9f937f9ec) Importer(815301076,1909f56bfc062723c751e8b465ee728b)
Start importing Assets/Demo/Low poly package/Meshes/Rail 2.fbx using Guid(dfdcf9e8bcaf0e24a992bbc9f937f9ec) Importer(815301076,1909f56bfc062723c751e8b465ee728b)  -> (artifact id: '39c4bf737d953bfa38e9cff7e1158b26') in 0.044235 seconds 
  Import took 0.050747 seconds .

========================================================================
Received Import Request.
  Time since last request: 0.000411 seconds.
  path: Assets/Demo/Low poly package/Meshes/Mushroom 3.fbx
  artifactKey: Guid(9a5063dbe73618c4e9e0463f876d934a) Importer(815301076,1909f56bfc062723c751e8b465ee728b)
Start importing Assets/Demo/Low poly package/Meshes/Mushroom 3.fbx using Guid(9a5063dbe73618c4e9e0463f876d934a) Importer(815301076,1909f56bfc062723c751e8b465ee728b)  -> (artifact id: '335106ca1c87bcfbd6291e0eb2d30f2a') in 0.045385 seconds 
  Import took 0.053040 seconds .

========================================================================
Received Import Request.
  Time since last request: 0.000469 seconds.
  path: Assets/Demo/Low poly package/Meshes/Rock 2.fbx
  artifactKey: Guid(2394988e6f6053046b616d1d15d64505) Importer(815301076,1909f56bfc062723c751e8b465ee728b)
Start importing Assets/Demo/Low poly package/Meshes/Rock 2.fbx using Guid(2394988e6f6053046b616d1d15d64505) Importer(815301076,1909f56bfc062723c751e8b465ee728b)  -> (artifact id: '414e81947bef0abf36807721d4e2de05') in 0.044951 seconds 
  Import took 0.052636 seconds .

========================================================================
Received Import Request.
  Time since last request: 0.000640 seconds.
  path: Assets/Demo/Low poly package/Meshes/Fence 1.fbx
  artifactKey: Guid(03eec85d40244c044a02e0b08b19a058) Importer(815301076,1909f56bfc062723c751e8b465ee728b)
Start importing Assets/Demo/Low poly package/Meshes/Fence 1.fbx using Guid(03eec85d40244c044a02e0b08b19a058) Importer(815301076,1909f56bfc062723c751e8b465ee728b)  -> (artifact id: 'de89a65246d3c9db76848377699d42d4') in 0.047607 seconds 
  Import took 0.055755 seconds .

========================================================================
Received Import Request.
  Time since last request: 0.000380 seconds.
  path: Assets/Demo/Low poly package/Meshes/Mushroom 5.fbx
  artifactKey: Guid(80056ca244dbfc44989c7654cc9cccf2) Importer(815301076,1909f56bfc062723c751e8b465ee728b)
Start importing Assets/Demo/Low poly package/Meshes/Mushroom 5.fbx using Guid(80056ca244dbfc44989c7654cc9cccf2) Importer(815301076,1909f56bfc062723c751e8b465ee728b)  -> (artifact id: '9753063d80f022e013af37b2b9769c40') in 0.055307 seconds 
  Import took 0.062251 seconds .

========================================================================
Received Import Request.
  Time since last request: 0.000484 seconds.
  path: Assets/Demo/Low poly package/Meshes/Rail 1.fbx
  artifactKey: Guid(665311910eca00a4aaacb5a51b2bb8b9) Importer(815301076,1909f56bfc062723c751e8b465ee728b)
Start importing Assets/Demo/Low poly package/Meshes/Rail 1.fbx using Guid(665311910eca00a4aaacb5a51b2bb8b9) Importer(815301076,1909f56bfc062723c751e8b465ee728b)  -> (artifact id: '18e3449174ab9d18942662afa72a3314') in 0.042546 seconds 
  Import took 0.049599 seconds .

========================================================================
Received Import Request.
  Time since last request: 0.000545 seconds.
  path: Assets/Demo/Low poly package/Meshes/House 1.fbx
  artifactKey: Guid(81d27301e43454f42bc305511e9a9a53) Importer(815301076,1909f56bfc062723c751e8b465ee728b)
Start importing Assets/Demo/Low poly package/Meshes/House 1.fbx using Guid(81d27301e43454f42bc305511e9a9a53) Importer(815301076,1909f56bfc062723c751e8b465ee728b)  -> (artifact id: 'd6760217af7c1fb7274918872d71af02') in 0.050139 seconds 
  Import took 0.057760 seconds .

========================================================================
Received Import Request.
  Time since last request: 0.000529 seconds.
  path: Assets/Demo/Low poly package/Meshes/Mushroom 2.fbx
  artifactKey: Guid(7674ea830a3eeb8498303921df21950e) Importer(815301076,1909f56bfc062723c751e8b465ee728b)
Start importing Assets/Demo/Low poly package/Meshes/Mushroom 2.fbx using Guid(7674ea830a3eeb8498303921df21950e) Importer(815301076,1909f56bfc062723c751e8b465ee728b)  -> (artifact id: 'b1362c943ea77df83684a095380e26d0') in 0.045883 seconds 
  Import took 0.052767 seconds .

========================================================================
Received Import Request.
  Time since last request: 0.000411 seconds.
  path: Assets/Demo/Low poly package/Meshes/Grass 2.fbx
  artifactKey: Guid(11bf877df161f8847b88bfd1340198ea) Importer(815301076,1909f56bfc062723c751e8b465ee728b)
Start importing Assets/Demo/Low poly package/Meshes/Grass 2.fbx using Guid(11bf877df161f8847b88bfd1340198ea) Importer(815301076,1909f56bfc062723c751e8b465ee728b)  -> (artifact id: 'aa33e94d4d0654a2683ec989404eae2f') in 0.044971 seconds 
  Import took 0.052180 seconds .

========================================================================
Received Import Request.
  Time since last request: 0.000432 seconds.
  path: Assets/Demo/Low poly package/Meshes/Fence 4.fbx
  artifactKey: Guid(10621d85e3419b44dabaa59aa8305a08) Importer(815301076,1909f56bfc062723c751e8b465ee728b)
Start importing Assets/Demo/Low poly package/Meshes/Fence 4.fbx using Guid(10621d85e3419b44dabaa59aa8305a08) Importer(815301076,1909f56bfc062723c751e8b465ee728b)  -> (artifact id: 'a86915cdca47381e58aa24c0699a1ab0') in 0.043436 seconds 
  Import took 0.049708 seconds .

========================================================================
Received Import Request.
  Time since last request: 0.000364 seconds.
  path: Assets/Demo/Low poly package/Meshes/Rock 4.fbx
  artifactKey: Guid(aad9880b53e4f50498f65c3948124b84) Importer(815301076,1909f56bfc062723c751e8b465ee728b)
Start importing Assets/Demo/Low poly package/Meshes/Rock 4.fbx using Guid(aad9880b53e4f50498f65c3948124b84) Importer(815301076,1909f56bfc062723c751e8b465ee728b)  -> (artifact id: '21ce051e8113080b2ef4dca44106ceef') in 0.048685 seconds 
  Import took 0.055018 seconds .

========================================================================
Received Import Request.
  Time since last request: 0.000465 seconds.
  path: Assets/Demo/Low poly package/Meshes/Rock 1.fbx
  artifactKey: Guid(abe3997fb7b50ed4c806575ef1d16afb) Importer(815301076,1909f56bfc062723c751e8b465ee728b)
Start importing Assets/Demo/Low poly package/Meshes/Rock 1.fbx using Guid(abe3997fb7b50ed4c806575ef1d16afb) Importer(815301076,1909f56bfc062723c751e8b465ee728b)  -> (artifact id: '687145784fbbc9a5295c7ce26858f466') in 0.047104 seconds 
  Import took 0.055159 seconds .

========================================================================
Received Import Request.
  Time since last request: 0.000460 seconds.
  path: Assets/Demo/Low poly package/Meshes/Mushroom 4.fbx
  artifactKey: Guid(8d53b3e00ff835543a974de8f9191167) Importer(815301076,1909f56bfc062723c751e8b465ee728b)
Start importing Assets/Demo/Low poly package/Meshes/Mushroom 4.fbx using Guid(8d53b3e00ff835543a974de8f9191167) Importer(815301076,1909f56bfc062723c751e8b465ee728b)  -> (artifact id: 'fdfa3da4d470a588cc0425e35532976b') in 0.052060 seconds 
  Import took 0.059148 seconds .

========================================================================
Received Import Request.
  Time since last request: 0.000406 seconds.
  path: Assets/Demo/Low poly package/Meshes/Fence 2.fbx
  artifactKey: Guid(0508ea79af439414aba735ea78e9c654) Importer(815301076,1909f56bfc062723c751e8b465ee728b)
Start importing Assets/Demo/Low poly package/Meshes/Fence 2.fbx using Guid(0508ea79af439414aba735ea78e9c654) Importer(815301076,1909f56bfc062723c751e8b465ee728b)  -> (artifact id: 'c04f7aff6026236388e9cf8f38a1705c') in 0.050505 seconds 
  Import took 0.057748 seconds .

========================================================================
Received Import Request.
  Time since last request: 0.000443 seconds.
  path: Assets/Demo/Low poly package/Meshes/House 3.fbx
  artifactKey: Guid(6a21015291578de46abe286208425c6a) Importer(815301076,1909f56bfc062723c751e8b465ee728b)
Start importing Assets/Demo/Low poly package/Meshes/House 3.fbx using Guid(6a21015291578de46abe286208425c6a) Importer(815301076,1909f56bfc062723c751e8b465ee728b)  -> (artifact id: '68f12a559c371077ffb04b72c48e01da') in 0.046347 seconds 
  Import took 0.058230 seconds .

========================================================================
Received Import Request.
  Time since last request: 0.000462 seconds.
  path: Assets/Demo/Low poly package/Meshes/Tulip1.fbx
  artifactKey: Guid(6c91a0b546da577499768b523efa079e) Importer(815301076,1909f56bfc062723c751e8b465ee728b)
Start importing Assets/Demo/Low poly package/Meshes/Tulip1.fbx using Guid(6c91a0b546da577499768b523efa079e) Importer(815301076,1909f56bfc062723c751e8b465ee728b)  -> (artifact id: '05120595b6089c82efee4bbddbc95082') in 0.048056 seconds 
  Import took 0.055140 seconds .

========================================================================
Received Import Request.
  Time since last request: 0.000456 seconds.
  path: Assets/Demo/Low poly package/Meshes/Tree 1.fbx
  artifactKey: Guid(e22d22e7092be67428f2751750a3078c) Importer(815301076,1909f56bfc062723c751e8b465ee728b)
Start importing Assets/Demo/Low poly package/Meshes/Tree 1.fbx using Guid(e22d22e7092be67428f2751750a3078c) Importer(815301076,1909f56bfc062723c751e8b465ee728b)  -> (artifact id: '35ced54d7adbe70a665e7b84cc35e422') in 0.049501 seconds 
  Import took 0.057248 seconds .

========================================================================
Received Import Request.
  Time since last request: 0.000471 seconds.
  path: Assets/Demo/Low poly package/Meshes/Tulip2.fbx
  artifactKey: Guid(ce83659e5344d2946935ff306edcd042) Importer(815301076,1909f56bfc062723c751e8b465ee728b)
Start importing Assets/Demo/Low poly package/Meshes/Tulip2.fbx using Guid(ce83659e5344d2946935ff306edcd042) Importer(815301076,1909f56bfc062723c751e8b465ee728b)  -> (artifact id: '499fd78670820291299ee7abb703b36e') in 0.050009 seconds 
  Import took 0.057070 seconds .

========================================================================
Received Import Request.
  Time since last request: 0.000500 seconds.
  path: Assets/Demo/Low poly package/Meshes/Tulip4.fbx
  artifactKey: Guid(5b4fa0e58f7357d4dbb22082b95fd463) Importer(815301076,1909f56bfc062723c751e8b465ee728b)
Start importing Assets/Demo/Low poly package/Meshes/Tulip4.fbx using Guid(5b4fa0e58f7357d4dbb22082b95fd463) Importer(815301076,1909f56bfc062723c751e8b465ee728b)  -> (artifact id: 'aa87159c168409b8053628caf74c46bd') in 0.047755 seconds 
  Import took 0.055265 seconds .

========================================================================
Received Import Request.
  Time since last request: 157.192414 seconds.
  path: Assets/Demo
  artifactKey: Guid(451987d339e4c244b8273b538409f5e8) Importer(815301076,1909f56bfc062723c751e8b465ee728b)
Start importing Assets/Demo using Guid(451987d339e4c244b8273b538409f5e8) Importer(815301076,1909f56bfc062723c751e8b465ee728b)  -> (artifact id: '56fd00d7e7136cb0bbb53fa614d8f0fa') in 0.017697 seconds 
  Import took 0.026001 seconds .

========================================================================
Received Import Request.
  Time since last request: 1.191706 seconds.
  path: Assets/Demo/Scene.unity
  artifactKey: Guid(f383c7262b3ae8e499b5f12788790433) Importer(815301076,1909f56bfc062723c751e8b465ee728b)
Start importing Assets/Demo/Scene.unity using Guid(f383c7262b3ae8e499b5f12788790433) Importer(815301076,1909f56bfc062723c751e8b465ee728b)  -> (artifact id: '26df1fe6f866203dc1a598899ed65685') in 0.018713 seconds 
  Import took 0.026291 seconds .

========================================================================
Received Prepare
Registering precompiled user dll's ...
Registered in 0.007857 seconds.
Begin MonoManager ReloadAssembly
Native extension for WindowsStandalone target not found
Refreshing native plugins compatible for Editor in 1.03 ms, found 2 plugins.
Preloading 0 native plugins for Editor in 0.00 ms.
Mono: successfully reloaded assembly
- Completed reload, in  2.952 seconds
Domain Reload Profiling:
	ReloadAssembly (2953ms)
		BeginReloadAssembly (266ms)
			ExecutionOrderSort (0ms)
			DisableScriptedObjects (11ms)
			BackupInstance (0ms)
			ReleaseScriptingObjects (0ms)
			CreateAndSetChildDomain (97ms)
		EndReloadAssembly (2492ms)
			LoadAssemblies (245ms)
			RebuildTransferFunctionScriptingTraits (0ms)
			SetupTypeCache (874ms)
			ReleaseScriptCaches (2ms)
			RebuildScriptCaches (138ms)
			SetupLoadedEditorAssemblies (899ms)
				LogAssemblyErrors (0ms)
				InitializePlatformSupportModulesInManaged (16ms)
				SetLoadedEditorAssemblies (1ms)
				RefreshPlugins (1ms)
				BeforeProcessingInitializeOnLoad (215ms)
				ProcessInitializeOnLoadAttributes (632ms)
				ProcessInitializeOnLoadMethodAttributes (12ms)
				AfterProcessingInitializeOnLoad (19ms)
				EditorAssembliesLoaded (1ms)
			ExecutionOrderSort2 (0ms)
			AwakeInstancesAfterBackupRestoration (24ms)
Platform modules already initialized, skipping
Refreshing native plugins compatible for Editor in 0.63 ms, found 2 plugins.
Preloading 0 native plugins for Editor in 0.00 ms.
Unloading 1377 Unused Serialized files (Serialized files now loaded: 0)
System memory in use before: 69.0 MB.
System memory in use after: 69.1 MB.

Unloading 11 unused Assets to reduce memory usage. Loaded Objects now: 1920.
Total: 8.224700 ms (FindLiveObjects: 0.303100 ms CreateObjectMapping: 0.110800 ms MarkObjects: 7.757800 ms  DeleteObjects: 0.050000 ms)

AssetImportParameters requested are different than current active one (requested -> active):
  custom:framework-win-MediaFoundation: 216162199b28c13a410421893ffa2e32 -> 
  custom:video-decoder-ogg-theora: a1e56fd34408186e4bbccfd4996cb3dc -> 
  custom:container-muxer-webm: aa71ff27fc2769a1b78a27578f13a17b -> 
  custom:container-demuxer-webm: 4f35f7cbe854078d1ac9338744f61a02 -> 
  custom:container-demuxer-ogg: 62fdf1f143b41e24485cea50d1cbac27 -> 
  custom:video-encoder-webm-vp8: eb34c28f22e8b96e1ab97ce403110664 -> 
  custom:video-decoder-webm-vp8: 9c59270c3fd7afecdb556c50c9e8de78 -> 
  custom:audio-decoder-ogg-vorbis: bf7c407c2cedff20999df2af8eb42d56 -> 
  custom:audio-encoder-webm-vorbis: bf7c407c2cedff20999df2af8eb42d56 -> 
========================================================================
Received Import Request.
  Time since last request: 5.686457 seconds.
  path: Assets/Demo/Demo.unity
  artifactKey: Guid(dc53816692f5af941a8302e55fd738d9) Importer(815301076,1909f56bfc062723c751e8b465ee728b)
Start importing Assets/Demo/Demo.unity using Guid(dc53816692f5af941a8302e55fd738d9) Importer(815301076,1909f56bfc062723c751e8b465ee728b)  -> (artifact id: '219047824c206089b07bf2648a56a993') in 0.042982 seconds 
  Import took 0.051176 seconds .

========================================================================
Received Prepare
Registering precompiled user dll's ...
Registered in 0.005495 seconds.
Begin MonoManager ReloadAssembly
Native extension for WindowsStandalone target not found
Refreshing native plugins compatible for Editor in 1.01 ms, found 2 plugins.
Preloading 0 native plugins for Editor in 0.00 ms.
Mono: successfully reloaded assembly
- Completed reload, in  2.636 seconds
Domain Reload Profiling:
	ReloadAssembly (2637ms)
		BeginReloadAssembly (262ms)
			ExecutionOrderSort (0ms)
			DisableScriptedObjects (11ms)
			BackupInstance (0ms)
			ReleaseScriptingObjects (0ms)
			CreateAndSetChildDomain (86ms)
		EndReloadAssembly (2180ms)
			LoadAssemblies (236ms)
			RebuildTransferFunctionScriptingTraits (0ms)
			SetupTypeCache (771ms)
			ReleaseScriptCaches (1ms)
			RebuildScriptCaches (102ms)
			SetupLoadedEditorAssemblies (755ms)
				LogAssemblyErrors (0ms)
				InitializePlatformSupportModulesInManaged (14ms)
				SetLoadedEditorAssemblies (2ms)
				RefreshPlugins (1ms)
				BeforeProcessingInitializeOnLoad (191ms)
				ProcessInitializeOnLoadAttributes (518ms)
				ProcessInitializeOnLoadMethodAttributes (11ms)
				AfterProcessingInitializeOnLoad (17ms)
				EditorAssembliesLoaded (1ms)
			ExecutionOrderSort2 (0ms)
			AwakeInstancesAfterBackupRestoration (23ms)
Platform modules already initialized, skipping
Refreshing native plugins compatible for Editor in 1.00 ms, found 2 plugins.
Preloading 0 native plugins for Editor in 0.00 ms.
Unloading 1377 Unused Serialized files (Serialized files now loaded: 0)
System memory in use before: 69.0 MB.
System memory in use after: 69.2 MB.

Unloading 11 unused Assets to reduce memory usage. Loaded Objects now: 1922.
Total: 8.698500 ms (FindLiveObjects: 0.485000 ms CreateObjectMapping: 0.209200 ms MarkObjects: 7.954200 ms  DeleteObjects: 0.045700 ms)

AssetImportParameters requested are different than current active one (requested -> active):
  custom:framework-win-MediaFoundation: 216162199b28c13a410421893ffa2e32 -> 
  custom:video-decoder-ogg-theora: a1e56fd34408186e4bbccfd4996cb3dc -> 
  custom:container-muxer-webm: aa71ff27fc2769a1b78a27578f13a17b -> 
  custom:container-demuxer-webm: 4f35f7cbe854078d1ac9338744f61a02 -> 
  custom:container-demuxer-ogg: 62fdf1f143b41e24485cea50d1cbac27 -> 
  custom:video-encoder-webm-vp8: eb34c28f22e8b96e1ab97ce403110664 -> 
  custom:video-decoder-webm-vp8: 9c59270c3fd7afecdb556c50c9e8de78 -> 
  custom:audio-decoder-ogg-vorbis: bf7c407c2cedff20999df2af8eb42d56 -> 
  custom:audio-encoder-webm-vorbis: bf7c407c2cedff20999df2af8eb42d56 -> 
========================================================================
Received Prepare
Registering precompiled user dll's ...
Registered in 0.005906 seconds.
Begin MonoManager ReloadAssembly
Native extension for WindowsStandalone target not found
Refreshing native plugins compatible for Editor in 0.61 ms, found 2 plugins.
Preloading 0 native plugins for Editor in 0.00 ms.
Mono: successfully reloaded assembly
- Completed reload, in  3.284 seconds
Domain Reload Profiling:
	ReloadAssembly (3285ms)
		BeginReloadAssembly (282ms)
			ExecutionOrderSort (0ms)
			DisableScriptedObjects (14ms)
			BackupInstance (0ms)
			ReleaseScriptingObjects (0ms)
			CreateAndSetChildDomain (85ms)
		EndReloadAssembly (2804ms)
			LoadAssemblies (247ms)
			RebuildTransferFunctionScriptingTraits (0ms)
			SetupTypeCache (936ms)
			ReleaseScriptCaches (2ms)
			RebuildScriptCaches (147ms)
			SetupLoadedEditorAssemblies (868ms)
				LogAssemblyErrors (0ms)
				InitializePlatformSupportModulesInManaged (14ms)
				SetLoadedEditorAssemblies (1ms)
				RefreshPlugins (1ms)
				BeforeProcessingInitializeOnLoad (215ms)
				ProcessInitializeOnLoadAttributes (605ms)
				ProcessInitializeOnLoadMethodAttributes (14ms)
				AfterProcessingInitializeOnLoad (18ms)
				EditorAssembliesLoaded (1ms)
			ExecutionOrderSort2 (0ms)
			AwakeInstancesAfterBackupRestoration (24ms)
Platform modules already initialized, skipping
Switching build target platform(19) subTarget(0) extendedPlatform(0) -> platform(13) subTarget(589824) extendedPlatform(0)
Refreshing native plugins compatible for Editor in 1.03 ms, found 2 plugins.
Preloading 0 native plugins for Editor in 0.00 ms.
Unloading 1381 Unused Serialized files (Serialized files now loaded: 0)
System memory in use before: 68.9 MB.
System memory in use after: 69.0 MB.

Unloading 11 unused Assets to reduce memory usage. Loaded Objects now: 1924.
Total: 8.864100 ms (FindLiveObjects: 0.492800 ms CreateObjectMapping: 0.204400 ms MarkObjects: 8.117100 ms  DeleteObjects: 0.045800 ms)

AssetImportParameters requested are different than current active one (requested -> active):
  custom:framework-win-MediaFoundation: 216162199b28c13a410421893ffa2e32 -> 
  custom:video-decoder-ogg-theora: a1e56fd34408186e4bbccfd4996cb3dc -> 
  custom:container-muxer-webm: aa71ff27fc2769a1b78a27578f13a17b -> 
  custom:container-demuxer-webm: 4f35f7cbe854078d1ac9338744f61a02 -> 
  custom:container-demuxer-ogg: 62fdf1f143b41e24485cea50d1cbac27 -> 
  custom:video-encoder-webm-vp8: eb34c28f22e8b96e1ab97ce403110664 -> 
  custom:video-decoder-webm-vp8: 9c59270c3fd7afecdb556c50c9e8de78 -> 
  custom:graphics/normal-map-encoding: 01000000000000000000000000000000 -> 02000000000000000000000000000000
  custom:audio-decoder-ogg-vorbis: bf7c407c2cedff20999df2af8eb42d56 -> 
  custom:audio-encoder-webm-vorbis: bf7c407c2cedff20999df2af8eb42d56 -> 
========================================================================
Received Prepare
Refreshing native plugins compatible for Editor in 7.80 ms, found 2 plugins.
Preloading 0 native plugins for Editor in 0.00 ms.
Unloading 9 Unused Serialized files (Serialized files now loaded: 0)
System memory in use before: 41.8 MB.
System memory in use after: 41.9 MB.

Unloading 9 unused Assets to reduce memory usage. Loaded Objects now: 1924.
Total: 6.115500 ms (FindLiveObjects: 0.399600 ms CreateObjectMapping: 0.131300 ms MarkObjects: 5.549900 ms  DeleteObjects: 0.032200 ms)

AssetImportParameters requested are different than current active one (requested -> active):
  custom:framework-win-MediaFoundation: 216162199b28c13a410421893ffa2e32 -> 
  custom:video-decoder-ogg-theora: a1e56fd34408186e4bbccfd4996cb3dc -> 
  custom:container-muxer-webm: aa71ff27fc2769a1b78a27578f13a17b -> 
  custom:container-demuxer-webm: 4f35f7cbe854078d1ac9338744f61a02 -> 
  custom:container-demuxer-ogg: 62fdf1f143b41e24485cea50d1cbac27 -> 
  custom:video-encoder-webm-vp8: eb34c28f22e8b96e1ab97ce403110664 -> 
  custom:video-decoder-webm-vp8: 9c59270c3fd7afecdb556c50c9e8de78 -> 
  custom:audio-decoder-ogg-vorbis: bf7c407c2cedff20999df2af8eb42d56 -> 
  custom:audio-encoder-webm-vorbis: bf7c407c2cedff20999df2af8eb42d56 -> 
========================================================================
Received Import Request.
  Time since last request: 852.179880 seconds.
  path: ProjectSettings/ProjectSettings.asset
  artifactKey: Guid(00000000000000004000000000000000) Importer(815301076,1909f56bfc062723c751e8b465ee728b)
Start importing ProjectSettings/ProjectSettings.asset using Guid(00000000000000004000000000000000) Importer(815301076,1909f56bfc062723c751e8b465ee728b)  -> (artifact id: '90fdce75d342ebae13aba227437b1565') in 0.060234 seconds 
  Import took 0.069201 seconds .

========================================================================
Received Import Request.
  Time since last request: 4.506483 seconds.
  path: ProjectSettings/ProjectSettings.asset
  artifactKey: Guid(00000000000000004000000000000000) Importer(815301076,1909f56bfc062723c751e8b465ee728b)
Start importing ProjectSettings/ProjectSettings.asset using Guid(00000000000000004000000000000000) Importer(815301076,1909f56bfc062723c751e8b465ee728b)  -> (artifact id: '677e2220f1c2f949db034626aab82461') in 0.035992 seconds 
  Import took 0.042993 seconds .

AssetImportWorkerClient::OnTransportError - code=2 error=End of file
